<!DOCTYPE html PUBLIC "-//W3C//DTD XHTML 1.1//EN" "http://www.w3.org/TR/xhtml11/DTD/xhtml11.dtd">
<html xmlns="http://www.w3.org/1999/xhtml">
<head>
<meta http-equiv="content-type" content="text/html; charset=UTF-8"/>
<title>TestNG Report</title>
<style type="text/css">table {margin-bottom:10px;border-collapse:collapse;empty-cells:show}th,td {border:1px solid #009;padding:.25em .5em}th {vertical-align:bottom}td {vertical-align:top}table a {font-weight:bold}.stripe td {background-color: #E6EBF9}.num {text-align:right}.passedodd td {background-color: #3F3}.passedeven td {background-color: #0A0}.skippedodd td {background-color: #DDD}.skippedeven td {background-color: #CCC}.failedodd td,.attn {background-color: #F33}.failedeven td,.stripe .attn {background-color: #D00}.stacktrace {white-space:pre;font-family:monospace}.totop {font-size:85%;text-align:center;border-bottom:2px solid #000}.invisible {display:none}</style>
</head>
<body>
<table>
<tr><th>Test</th><th># Passed</th><th># Skipped</th><th># Failed</th><th>Time (ms)</th><th>Included Groups</th><th>Excluded Groups</th></tr>
<tr><th colspan="7">Suite</th></tr>
<tr><td><a href="#t0">Test1</a></td><td class="num">5</td><td class="num">0</td><td class="num">0</td><td class="num">106,430</td><td></td><td></td></tr>
<tr class="stripe"><td><a href="#t1">Test2</a></td><td class="num">3</td><td class="num">0</td><td class="num">0</td><td class="num">80,759</td><td></td><td></td></tr>
<tr><td><a href="#t2">Test3</a></td><td class="num">3</td><td class="num">0</td><td class="num">0</td><td class="num">109,844</td><td></td><td></td></tr>
<tr class="stripe"><td><a href="#t3">Test4</a></td><td class="num">5</td><td class="num">0</td><td class="num">0</td><td class="num">106,511</td><td></td><td></td></tr>
<tr><td><a href="#t4">Test5</a></td><td class="num">1</td><td class="num">0</td><td class="num">0</td><td class="num">43,565</td><td></td><td></td></tr>
<tr class="stripe"><td><a href="#t5">Test6</a></td><td class="num">4</td><td class="num">0</td><td class="num">0</td><td class="num">64,295</td><td></td><td></td></tr>
<tr><td><a href="#t6">Test7</a></td><td class="num">0</td><td class="num attn">1</td><td class="num attn">1</td><td class="num">69,310</td><td></td><td></td></tr>
<tr class="stripe"><td><a href="#t7">Test8</a></td><td class="num">0</td><td class="num attn">2</td><td class="num">0</td><td class="num">1,760</td><td></td><td></td></tr>
<tr><th>Total</th><th class="num">21</th><th class="num attn">3</th><th class="num attn">1</th><th class="num">582,474</th><th colspan="2"></th></tr>
</table>
<table id='summary'><thead><tr><th>Class</th><th>Method</th><th>Start</th><th>Time (ms)</th></tr></thead><tbody><tr><th colspan="4">Suite</th></tr></tbody><tbody id="t0"><tr><th colspan="4">Test1 &#8212; passed</th></tr><tr class="passedeven"><td rowspan="5">com.qa.testcases.TestCswLogin</td><td><a href="#m0">coverStoryEmailLogin</a></td><td rowspan="1">1532696457137</td><td rowspan="1">10387</td></tr><tr class="passedeven"><td><a href="#m1">coverStoryFacebookLogin</a></td><td rowspan="1">1532696503702</td><td rowspan="1">21382</td></tr><tr class="passedeven"><td><a href="#m2">coverStoryOTPLogin</a></td><td rowspan="1">1532696525085</td><td rowspan="1">11659</td></tr><tr class="passedeven"><td><a href="#m3">coverStoryPhoneLogin</a></td><td rowspan="1">1532696467528</td><td rowspan="1">10346</td></tr><tr class="passedeven"><td><a href="#m4">coverStorygoogleplusLogin</a></td><td rowspan="1">1532696477876</td><td rowspan="1">25825</td></tr></tbody>
<tbody id="t1"><tr><th colspan="4">Test2 &#8212; passed</th></tr><tr class="passedeven"><td rowspan="3">com.qa.testcases.TestAddCart</td><td><a href="#m5">AddToCart</a></td><td rowspan="1">1532696581918</td><td rowspan="1">18223</td></tr><tr class="passedeven"><td><a href="#m6">AddToCartQuickview</a></td><td rowspan="1">1532696600144</td><td rowspan="1">17605</td></tr><tr class="passedeven"><td><a href="#m7">RemoveFromMinicart</a></td><td rowspan="1">1532696558224</td><td rowspan="1">23691</td></tr></tbody>
<tbody id="t2"><tr><th colspan="4">Test3 &#8212; passed</th></tr><tr class="passedeven"><td rowspan="3">com.qa.testcases.TestAddWishlist</td><td><a href="#m8">AddToWishlistPDP</a></td><td rowspan="1">1532696708744</td><td rowspan="1">20814</td></tr><tr class="passedeven"><td><a href="#m9">AddToWishlistPLP</a></td><td rowspan="1">1532696692067</td><td rowspan="1">16675</td></tr><tr class="passedeven"><td><a href="#m10">AddToWishlistQuickviewLogin</a></td><td rowspan="1">1532696649218</td><td rowspan="1">42847</td></tr></tbody>
<tbody id="t3"><tr><th colspan="4">Test4 &#8212; passed</th></tr><tr class="passedeven"><td rowspan="5">com.qa.testcases.TestBannerClick</td><td><a href="#m11">BannerOne</a></td><td rowspan="1">1532696763494</td><td rowspan="1">1921</td></tr><tr class="passedeven"><td><a href="#m12">BannerclickLookBook</a></td><td rowspan="1">1532696811898</td><td rowspan="1">24075</td></tr><tr class="passedeven"><td><a href="#m13">BannerclickWithLogin</a></td><td rowspan="1">1532696765416</td><td rowspan="1">13468</td></tr><tr class="passedeven"><td><a href="#m14">BannerclickWithLoginThree</a></td><td rowspan="1">1532696791449</td><td rowspan="1">20448</td></tr><tr class="passedeven"><td><a href="#m15">BannerclickWithLoginTwo</a></td><td rowspan="1">1532696778885</td><td rowspan="1">12563</td></tr></tbody>
<tbody id="t4"><tr><th colspan="4">Test5 &#8212; passed</th></tr><tr class="passedeven"><td rowspan="1">com.qa.testcases.TestSearch$TestAccount</td><td><a href="#m16">search</a></td><td rowspan="1">1532696865710</td><td rowspan="1">11750</td></tr></tbody>
<tbody id="t5"><tr><th colspan="4">Test6 &#8212; passed</th></tr><tr class="passedeven"><td rowspan="4">com.qa.testcases.TestAccount</td><td><a href="#m17">MyAccountChangePassword</a></td><td rowspan="1">1532696925373</td><td rowspan="1">930</td></tr><tr class="passedeven"><td><a href="#m18">MyAccountInfo</a></td><td rowspan="1">1532696910019</td><td rowspan="1">15353</td></tr><tr class="passedeven"><td><a href="#m19">MyAccountOrderPage</a></td><td rowspan="1">1532696926305</td><td rowspan="1">1695</td></tr><tr class="passedeven"><td><a href="#m20">MyAccountSaveAddressPage</a></td><td rowspan="1">1532696928003</td><td rowspan="1">13765</td></tr></tbody>
<tbody id="t6"><tr><th colspan="4">Test7 &#8212; failed (configuration methods)</th></tr><tr class="failedeven"><td rowspan="1">com.qa.testcases.TestPlaceOrder</td><td><a href="#m21">closeBrowser</a></td><td rowspan="1">1532697013789</td><td rowspan="1">229</td></tr><tr><th colspan="4">Test7 &#8212; failed</th></tr><tr class="failedeven"><td rowspan="1">com.qa.testcases.TestPlaceOrder</td><td><a href="#m22">OrderPlace</a></td><td rowspan="1">1532696962295</td><td rowspan="1">51491</td></tr><tr><th colspan="4">Test7 &#8212; skipped (configuration methods)</th></tr><tr class="skippedeven"><td rowspan="2">com.qa.testcases.TestPlaceOrder</td><td><a href="#m23">closeBrowser</a></td><td rowspan="1">1532697014028</td><td rowspan="1">0</td></tr><tr class="skippedeven"><td><a href="#m24">launchUrl</a></td><td rowspan="1">1532697014024</td><td rowspan="1">0</td></tr><tr><th colspan="4">Test7 &#8212; skipped</th></tr><tr class="skippedeven"><td rowspan="1">com.qa.testcases.TestPlaceOrder</td><td><a href="#m25">OrderPlaceCheckout</a></td><td rowspan="1">1532697014026</td><td rowspan="1">0</td></tr></tbody>
<tbody id="t7"><tr><th colspan="4">Test8 &#8212; failed (configuration methods)</th></tr><tr class="failedeven"><td rowspan="1">com.qa.testcases.TestForgotPassword</td><td><a href="#m26">launchUrl</a></td><td rowspan="1">1532697014136</td><td rowspan="1">1752</td></tr><tr><th colspan="4">Test8 &#8212; skipped (configuration methods)</th></tr><tr class="skippedeven"><td rowspan="1">com.qa.testcases.TestForgotPassword</td><td><a href="#m27">closeBrowser</a></td><td rowspan="1">1532697015893</td><td rowspan="1">0</td></tr><tr><th colspan="4">Test8 &#8212; skipped</th></tr><tr class="skippedeven"><td rowspan="2">com.qa.testcases.TestForgotPassword</td><td><a href="#m28">coverStoryCheckoutForgotPassword</a></td><td rowspan="1">1532697015892</td><td rowspan="1">0</td></tr><tr class="skippedeven"><td><a href="#m29">coverStoryForgotPassword</a></td><td rowspan="1">1532697015891</td><td rowspan="1">0</td></tr></tbody>
</table>
<h2>Test1</h2><h3 id="m0">com.qa.testcases.TestCswLogin#coverStoryEmailLogin</h3><table class="result"><tr><th>Messages</th></tr><tr><td><div class="messages">Email : Login Icon clicked<br/>Email :Login button clicked<br/>Email :Email entered<br/>Email :Password entered<br/>Email :Login Icon clicked<br/>Email: Login success<br/>Email : Login Icon clicked<br/>Email :signout using Email number is successful</div></td></tr></table><p class="totop"><a href="#summary">back to summary</a></p>
<h3 id="m1">com.qa.testcases.TestCswLogin#coverStoryFacebookLogin</h3><table class="result"><tr><th>Messages</th></tr><tr><td><div class="messages">Facebook : Login Icon clicked<br/>Facebook : Login button clicked<br/>Facebook : signinFacebook button clicked<br/>Email :Login Icon clicked<br/>Email: Login success<br/>Email : Login Icon clicked<br/>Email :signout using Email number is successful</div></td></tr></table><p class="totop"><a href="#summary">back to summary</a></p>
<h3 id="m2">com.qa.testcases.TestCswLogin#coverStoryOTPLogin</h3><table class="result"><tr><th>Messages</th></tr><tr><td><div class="messages">Phone : Login Icon clicked<br/>Phone :Login button clicked<br/>Login with OTP: Phone number entered<br/>OTP sent</div></td></tr></table><p class="totop"><a href="#summary">back to summary</a></p>
<h3 id="m3">com.qa.testcases.TestCswLogin#coverStoryPhoneLogin</h3><table class="result"><tr><th>Messages</th></tr><tr><td><div class="messages">Phone : Login Icon clicked<br/>Phone :Login button clicked<br/>Phone Number Login: Phone number entered<br/>Phone Number Login :Password entered<br/>Phone :Login using phone number is successful<br/>Email :Login Icon clicked<br/>Email: Login success<br/>Email : Login Icon clicked<br/>Email :signout using Email number is successful</div></td></tr></table><p class="totop"><a href="#summary">back to summary</a></p>
<h3 id="m4">com.qa.testcases.TestCswLogin#coverStorygoogleplusLogin</h3><table class="result"><tr><th>Messages</th></tr><tr><td><div class="messages">GooglePlus : Login Icon clicked<br/>GooglePlus :Login button clicked<br/>GooglePlus :signinGooglePlus button clicked<br/>GooglePlus :emailAndPhoneSignin button clicked<br/>GooglePlus :nextButtonSignin button clicked<br/>GooglePlus :gmailSigninButton button clicked<br/>GooglePlus :loginIcon button clicked<br/>Email :Login Icon clicked<br/>Email: Login success<br/>Email : Login Icon clicked<br/>Email :signout using Email number is successful</div></td></tr></table><p class="totop"><a href="#summary">back to summary</a></p>
<h2>Test2</h2><h3 id="m5">com.qa.testcases.TestAddCart#AddToCart</h3><table class="result"><tr><th class="invisible"/></tr></table><p class="totop"><a href="#summary">back to summary</a></p>
<h3 id="m6">com.qa.testcases.TestAddCart#AddToCartQuickview</h3><table class="result"><tr><th>Messages</th></tr><tr><td><div class="messages">Item added to cart<br/>quick view window closed<br/>Cart icon clicked<br/>View cart button clicked</div></td></tr></table><p class="totop"><a href="#summary">back to summary</a></p>
<h3 id="m7">com.qa.testcases.TestAddCart#RemoveFromMinicart</h3><table class="result"><tr><th>Messages</th></tr><tr><td><div class="messages">Item added to mini cart successfully<br/>Item removed from mini cart successfully</div></td></tr></table><p class="totop"><a href="#summary">back to summary</a></p>
<h2>Test3</h2><h3 id="m8">com.qa.testcases.TestAddWishlist#AddToWishlistPDP</h3><table class="result"><tr><th class="invisible"/></tr></table><p class="totop"><a href="#summary">back to summary</a></p>
<h3 id="m9">com.qa.testcases.TestAddWishlist#AddToWishlistPLP</h3><table class="result"><tr><th class="invisible"/></tr></table><p class="totop"><a href="#summary">back to summary</a></p>
<h3 id="m10">com.qa.testcases.TestAddWishlist#AddToWishlistQuickviewLogin</h3><table class="result"><tr><th>Messages</th></tr><tr><td><div class="messages">Login successful<br/>Wishlist section opened successful<br/>Quickview window opened successful<br/>Item added to cart successful<br/>Wishlist section opened successful</div></td></tr></table><p class="totop"><a href="#summary">back to summary</a></p>
<h2>Test4</h2><h3 id="m11">com.qa.testcases.TestBannerClick#BannerOne</h3><table class="result"><tr><th>Messages</th></tr><tr><td><div class="messages">Banner clicked without Login</div></td></tr></table><p class="totop"><a href="#summary">back to summary</a></p>
<h3 id="m12">com.qa.testcases.TestBannerClick#BannerclickLookBook</h3><table class="result"><tr><th>Messages</th></tr><tr><td><div class="messages">LookBook1 Banner clicked with Login<br/>LookBook2 Banner clicked with Login</div></td></tr></table><p class="totop"><a href="#summary">back to summary</a></p>
<h3 id="m13">com.qa.testcases.TestBannerClick#BannerclickWithLogin</h3><table class="result"><tr><th>Messages</th></tr><tr><td><div class="messages">Banner click with Login</div></td></tr></table><p class="totop"><a href="#summary">back to summary</a></p>
<h3 id="m14">com.qa.testcases.TestBannerClick#BannerclickWithLoginThree</h3><table class="result"><tr><th>Messages</th></tr><tr><td><div class="messages">NewIn Banner clicked with Login<br/>NewIn Banner clicked with Login<br/>NewIn Banner clicked with Login<br/>NewIn Banner clicked with Login<br/>NewIn Banner clicked with Login<br/>NewIn Banner clicked with Login</div></td></tr></table><p class="totop"><a href="#summary">back to summary</a></p>
<h3 id="m15">com.qa.testcases.TestBannerClick#BannerclickWithLoginTwo</h3><table class="result"><tr><th>Messages</th></tr><tr><td><div class="messages">NewIn Banner clicked with Login</div></td></tr></table><p class="totop"><a href="#summary">back to summary</a></p>
<h2>Test5</h2><h3 id="m16">com.qa.testcases.TestSearch$TestAccount#search</h3><table class="result"><tr><th>Messages</th></tr><tr><td><div class="messages">Search result for shorts success with login<br/>Search result for jeans success with login<br/>Email :Login Icon clicked<br/>Email :signout using Email number is successful</div></td></tr></table><p class="totop"><a href="#summary">back to summary</a></p>
<h2>Test6</h2><h3 id="m17">com.qa.testcases.TestAccount#MyAccountChangePassword</h3><table class="result"><tr><th>Messages</th></tr><tr><td><div class="messages">Account : changeAccountPasswordButton button clicked<br/>Account : newPasswordBox button clicked<br/>Account : confirmPasswordBox button clicked<br/>Account : savePasswordButton button clicked</div></td></tr></table><p class="totop"><a href="#summary">back to summary</a></p>
<h3 id="m18">com.qa.testcases.TestAccount#MyAccountInfo</h3><table class="result"><tr><th>Messages</th></tr><tr><td><div class="messages">Account : loginIcon button clicked<br/>Account : MyAccount button clicked<br/>Account : editProfileButton button clicked<br/>First name successfully edited<br/>Last name successfully edited<br/>Account : saveProfileButton button clicked</div></td></tr></table><p class="totop"><a href="#summary">back to summary</a></p>
<h3 id="m19">com.qa.testcases.TestAccount#MyAccountOrderPage</h3><table class="result"><tr><th class="invisible"/></tr></table><p class="totop"><a href="#summary">back to summary</a></p>
<h3 id="m20">com.qa.testcases.TestAccount#MyAccountSaveAddressPage</h3><table class="result"><tr><th>Messages</th></tr><tr><td><div class="messages">Account : mySavedAddress button clicked<br/>Account : openAddNewAddress button clicked<br/>Account : firstNameAddNewAddress button clicked<br/>Account : LastNameAddNewAddress button clicked<br/>Account : pincodeAddNewAddress button clicked<br/>Account : address1AddNewAddress button clicked<br/>Account : phoneAddNewAddress button clicked<br/>Account : saveAddressInAddNewAddress button clicked<br/>Account : deleteAddress button clicked<br/>Account : deleteAddressconfirm button clicked</div></td></tr></table><p class="totop"><a href="#summary">back to summary</a></p>
<h2>Test7</h2><h3 id="m21">com.qa.testcases.TestPlaceOrder#closeBrowser</h3><table class="result"><tr><th>Exception</th></tr><tr><td><div class="stacktrace">org.openqa.selenium.WebDriverException: chrome not reachable
  (Session info: chrome=68.0.3440.75)
  (Driver info: chromedriver=2.40.565498 (ea082db3280dd6843ebfb08a625e3eb905c4f5ab),platform=Windows NT 6.1.7601 SP1 x86_64) (WARNING: The server did not provide any stacktrace information)
Command duration or timeout: 0 milliseconds
Build info: version: &apos;3.13.0&apos;, revision: &apos;2f0d292&apos;, time: &apos;2018-06-25T15:24:21.231Z&apos;
System info: host: &apos;EMB-BAN-168&apos;, ip: &apos;10.99.90.140&apos;, os.name: &apos;Windows 7&apos;, os.arch: &apos;amd64&apos;, os.version: &apos;6.1&apos;, java.version: &apos;1.8.0_171&apos;
Driver info: org.openqa.selenium.chrome.ChromeDriver
Capabilities {acceptInsecureCerts: false, acceptSslCerts: false, applicationCacheEnabled: false, browserConnectionEnabled: false, browserName: chrome, chrome: {chromedriverVersion: 2.40.565498 (ea082db3280dd6..., userDataDir: C:\Users\EMB-VI~1\AppData\L...}, cssSelectorsEnabled: true, databaseEnabled: false, handlesAlerts: true, hasTouchScreen: false, javascriptEnabled: true, locationContextEnabled: true, mobileEmulationEnabled: false, nativeEvents: true, networkConnectionEnabled: false, pageLoadStrategy: normal, platform: XP, platformName: XP, rotatable: false, setWindowRect: true, takesHeapSnapshot: true, takesScreenshot: true, unexpectedAlertBehaviour: , unhandledPromptBehavior: , version: 68.0.3440.75, webStorageEnabled: true}
Session ID: 39d27bc84ce6d9602d47c94bf193dd97
	at org.openqa.selenium.remote.ErrorHandler.createThrowable(ErrorHandler.java:214)
	at org.openqa.selenium.remote.ErrorHandler.throwIfResponseFailed(ErrorHandler.java:166)
	at org.openqa.selenium.remote.http.JsonHttpResponseCodec.reconstructValue(JsonHttpResponseCodec.java:40)
	at org.openqa.selenium.remote.http.AbstractHttpResponseCodec.decode(AbstractHttpResponseCodec.java:80)
	at org.openqa.selenium.remote.http.AbstractHttpResponseCodec.decode(AbstractHttpResponseCodec.java:44)
	at org.openqa.selenium.remote.HttpCommandExecutor.execute(HttpCommandExecutor.java:158)
	at org.openqa.selenium.remote.service.DriverCommandExecutor.execute(DriverCommandExecutor.java:83)
	at org.openqa.selenium.remote.RemoteWebDriver.execute(RemoteWebDriver.java:548)
	at org.openqa.selenium.remote.RemoteWebDriver.execute(RemoteWebDriver.java:605)
	at org.openqa.selenium.remote.RemoteWebDriver.close(RemoteWebDriver.java:438)
	at com.qa.globals.Globals.browserClose(Globals.java:233)
	at com.qa.testcases.TestPlaceOrder.closeBrowser(TestPlaceOrder.java:136)
... Removed 32 stack frames</div></td></tr></table><p class="totop"><a href="#summary">back to summary</a></p>
<h3 id="m22">com.qa.testcases.TestPlaceOrder#OrderPlace</h3><table class="result"><tr><th>Exception</th></tr><tr><td><div class="stacktrace">org.openqa.selenium.WebDriverException: chrome not reachable
  (Session info: chrome=68.0.3440.75)
  (Driver info: chromedriver=2.40.565498 (ea082db3280dd6843ebfb08a625e3eb905c4f5ab),platform=Windows NT 6.1.7601 SP1 x86_64) (WARNING: The server did not provide any stacktrace information)
Command duration or timeout: 0 milliseconds
Build info: version: &apos;3.13.0&apos;, revision: &apos;2f0d292&apos;, time: &apos;2018-06-25T15:24:21.231Z&apos;
System info: host: &apos;EMB-BAN-168&apos;, ip: &apos;10.99.90.140&apos;, os.name: &apos;Windows 7&apos;, os.arch: &apos;amd64&apos;, os.version: &apos;6.1&apos;, java.version: &apos;1.8.0_171&apos;
Driver info: org.openqa.selenium.chrome.ChromeDriver
Capabilities {acceptInsecureCerts: false, acceptSslCerts: false, applicationCacheEnabled: false, browserConnectionEnabled: false, browserName: chrome, chrome: {chromedriverVersion: 2.40.565498 (ea082db3280dd6..., userDataDir: C:\Users\EMB-VI~1\AppData\L...}, cssSelectorsEnabled: true, databaseEnabled: false, handlesAlerts: true, hasTouchScreen: false, javascriptEnabled: true, locationContextEnabled: true, mobileEmulationEnabled: false, nativeEvents: true, networkConnectionEnabled: false, pageLoadStrategy: normal, platform: XP, platformName: XP, rotatable: false, setWindowRect: true, takesHeapSnapshot: true, takesScreenshot: true, unexpectedAlertBehaviour: , unhandledPromptBehavior: , version: 68.0.3440.75, webStorageEnabled: true}
Session ID: 39d27bc84ce6d9602d47c94bf193dd97
*** Element info: {Using=xpath, value=//*[@id=&apos;payment-form&apos;]/div[1]/div/div[1]/div[4]/div/div[1]/div/ul/li[1]/div}
	at org.openqa.selenium.remote.ErrorHandler.createThrowable(ErrorHandler.java:214)
	at org.openqa.selenium.remote.ErrorHandler.throwIfResponseFailed(ErrorHandler.java:166)
	at org.openqa.selenium.remote.http.JsonHttpResponseCodec.reconstructValue(JsonHttpResponseCodec.java:40)
	at org.openqa.selenium.remote.http.AbstractHttpResponseCodec.decode(AbstractHttpResponseCodec.java:80)
	at org.openqa.selenium.remote.http.AbstractHttpResponseCodec.decode(AbstractHttpResponseCodec.java:44)
	at org.openqa.selenium.remote.HttpCommandExecutor.execute(HttpCommandExecutor.java:158)
	at org.openqa.selenium.remote.service.DriverCommandExecutor.execute(DriverCommandExecutor.java:83)
	at org.openqa.selenium.remote.RemoteWebDriver.execute(RemoteWebDriver.java:548)
	at org.openqa.selenium.remote.RemoteWebDriver.findElement(RemoteWebDriver.java:322)
	at org.openqa.selenium.remote.RemoteWebDriver.findElementByXPath(RemoteWebDriver.java:424)
	at org.openqa.selenium.By$ByXPath.findElement(By.java:353)
	at org.openqa.selenium.remote.RemoteWebDriver.findElement(RemoteWebDriver.java:314)
	at org.openqa.selenium.support.pagefactory.DefaultElementLocator.findElement(DefaultElementLocator.java:69)
	at org.openqa.selenium.support.pagefactory.internal.LocatingElementHandler.invoke(LocatingElementHandler.java:38)
	at com.sun.proxy.$Proxy11.click(Unknown Source)
	at com.qa.testcases.TestPlaceOrder.OrderPlace(TestPlaceOrder.java:48)
... Removed 29 stack frames</div></td></tr></table><p class="totop"><a href="#summary">back to summary</a></p>
<h3 id="m23">com.qa.testcases.TestPlaceOrder#closeBrowser</h3><table class="result"><tr><th class="invisible"/></tr></table><p class="totop"><a href="#summary">back to summary</a></p>
<h3 id="m24">com.qa.testcases.TestPlaceOrder#launchUrl</h3><table class="result"><tr><th class="invisible"/></tr></table><p class="totop"><a href="#summary">back to summary</a></p>
<h3 id="m25">com.qa.testcases.TestPlaceOrder#OrderPlaceCheckout</h3><table class="result"><tr><th>Exception</th></tr><tr><td><div class="stacktrace">org.openqa.selenium.WebDriverException: chrome not reachable
  (Session info: chrome=68.0.3440.75)
  (Driver info: chromedriver=2.40.565498 (ea082db3280dd6843ebfb08a625e3eb905c4f5ab),platform=Windows NT 6.1.7601 SP1 x86_64) (WARNING: The server did not provide any stacktrace information)
Command duration or timeout: 0 milliseconds
Build info: version: &apos;3.13.0&apos;, revision: &apos;2f0d292&apos;, time: &apos;2018-06-25T15:24:21.231Z&apos;
System info: host: &apos;EMB-BAN-168&apos;, ip: &apos;10.99.90.140&apos;, os.name: &apos;Windows 7&apos;, os.arch: &apos;amd64&apos;, os.version: &apos;6.1&apos;, java.version: &apos;1.8.0_171&apos;
Driver info: org.openqa.selenium.chrome.ChromeDriver
Capabilities {acceptInsecureCerts: false, acceptSslCerts: false, applicationCacheEnabled: false, browserConnectionEnabled: false, browserName: chrome, chrome: {chromedriverVersion: 2.40.565498 (ea082db3280dd6..., userDataDir: C:\Users\EMB-VI~1\AppData\L...}, cssSelectorsEnabled: true, databaseEnabled: false, handlesAlerts: true, hasTouchScreen: false, javascriptEnabled: true, locationContextEnabled: true, mobileEmulationEnabled: false, nativeEvents: true, networkConnectionEnabled: false, pageLoadStrategy: normal, platform: XP, platformName: XP, rotatable: false, setWindowRect: true, takesHeapSnapshot: true, takesScreenshot: true, unexpectedAlertBehaviour: , unhandledPromptBehavior: , version: 68.0.3440.75, webStorageEnabled: true}
Session ID: 39d27bc84ce6d9602d47c94bf193dd97
	at org.openqa.selenium.remote.ErrorHandler.createThrowable(ErrorHandler.java:214)
	at org.openqa.selenium.remote.ErrorHandler.throwIfResponseFailed(ErrorHandler.java:166)
	at org.openqa.selenium.remote.http.JsonHttpResponseCodec.reconstructValue(JsonHttpResponseCodec.java:40)
	at org.openqa.selenium.remote.http.AbstractHttpResponseCodec.decode(AbstractHttpResponseCodec.java:80)
	at org.openqa.selenium.remote.http.AbstractHttpResponseCodec.decode(AbstractHttpResponseCodec.java:44)
	at org.openqa.selenium.remote.HttpCommandExecutor.execute(HttpCommandExecutor.java:158)
	at org.openqa.selenium.remote.service.DriverCommandExecutor.execute(DriverCommandExecutor.java:83)
	at org.openqa.selenium.remote.RemoteWebDriver.execute(RemoteWebDriver.java:548)
	at org.openqa.selenium.remote.RemoteWebDriver.execute(RemoteWebDriver.java:605)
	at org.openqa.selenium.remote.RemoteWebDriver.close(RemoteWebDriver.java:438)
	at com.qa.globals.Globals.browserClose(Globals.java:233)
	at com.qa.testcases.TestPlaceOrder.closeBrowser(TestPlaceOrder.java:136)
... Removed 32 stack frames</div></td></tr></table><p class="totop"><a href="#summary">back to summary</a></p>
<h2>Test8</h2><h3 id="m26">com.qa.testcases.TestForgotPassword#launchUrl</h3><table class="result"><tr><th>Exception</th></tr><tr><td><div class="stacktrace">org.openqa.selenium.WebDriverException: chrome not reachable
  (Session info: chrome=68.0.3440.75)
  (Driver info: chromedriver=2.40.565498 (ea082db3280dd6843ebfb08a625e3eb905c4f5ab),platform=Windows NT 6.1.7601 SP1 x86_64) (WARNING: The server did not provide any stacktrace information)
Command duration or timeout: 0 milliseconds
Build info: version: &apos;3.13.0&apos;, revision: &apos;2f0d292&apos;, time: &apos;2018-06-25T15:24:21.231Z&apos;
System info: host: &apos;EMB-BAN-168&apos;, ip: &apos;10.99.90.140&apos;, os.name: &apos;Windows 7&apos;, os.arch: &apos;amd64&apos;, os.version: &apos;6.1&apos;, java.version: &apos;1.8.0_171&apos;
Driver info: org.openqa.selenium.chrome.ChromeDriver
Capabilities {acceptInsecureCerts: false, acceptSslCerts: false, applicationCacheEnabled: false, browserConnectionEnabled: false, browserName: chrome, chrome: {chromedriverVersion: 2.40.565498 (ea082db3280dd6..., userDataDir: C:\Users\EMB-VI~1\AppData\L...}, cssSelectorsEnabled: true, databaseEnabled: false, handlesAlerts: true, hasTouchScreen: false, javascriptEnabled: true, locationContextEnabled: true, mobileEmulationEnabled: false, nativeEvents: true, networkConnectionEnabled: false, pageLoadStrategy: normal, platform: XP, platformName: XP, rotatable: false, setWindowRect: true, takesHeapSnapshot: true, takesScreenshot: true, unexpectedAlertBehaviour: , unhandledPromptBehavior: , version: 68.0.3440.75, webStorageEnabled: true}
Session ID: 39d27bc84ce6d9602d47c94bf193dd97
	at org.openqa.selenium.remote.ErrorHandler.createThrowable(ErrorHandler.java:214)
	at org.openqa.selenium.remote.ErrorHandler.throwIfResponseFailed(ErrorHandler.java:166)
	at org.openqa.selenium.remote.http.JsonHttpResponseCodec.reconstructValue(JsonHttpResponseCodec.java:40)
	at org.openqa.selenium.remote.http.AbstractHttpResponseCodec.decode(AbstractHttpResponseCodec.java:80)
	at org.openqa.selenium.remote.http.AbstractHttpResponseCodec.decode(AbstractHttpResponseCodec.java:44)
	at org.openqa.selenium.remote.HttpCommandExecutor.execute(HttpCommandExecutor.java:158)
	at org.openqa.selenium.remote.service.DriverCommandExecutor.execute(DriverCommandExecutor.java:83)
	at org.openqa.selenium.remote.RemoteWebDriver.execute(RemoteWebDriver.java:548)
	at org.openqa.selenium.remote.RemoteWebDriver.execute(RemoteWebDriver.java:605)
	at org.openqa.selenium.remote.RemoteWebDriver.close(RemoteWebDriver.java:438)
	at com.qa.globals.Globals.browserClose(Globals.java:233)
	at com.qa.globals.Globals.setUp(Globals.java:700)
	at com.qa.testcases.TestForgotPassword.launchUrl(TestForgotPassword.java:22)
... Removed 28 stack frames</div></td></tr></table><p class="totop"><a href="#summary">back to summary</a></p>
<h3 id="m27">com.qa.testcases.TestForgotPassword#closeBrowser</h3><table class="result"><tr><th class="invisible"/></tr></table><p class="totop"><a href="#summary">back to summary</a></p>
<h3 id="m28">com.qa.testcases.TestForgotPassword#coverStoryCheckoutForgotPassword</h3><table class="result"><tr><th>Exception</th></tr><tr><td><div class="stacktrace">org.openqa.selenium.WebDriverException: chrome not reachable
  (Session info: chrome=68.0.3440.75)
  (Driver info: chromedriver=2.40.565498 (ea082db3280dd6843ebfb08a625e3eb905c4f5ab),platform=Windows NT 6.1.7601 SP1 x86_64) (WARNING: The server did not provide any stacktrace information)
Command duration or timeout: 0 milliseconds
Build info: version: &apos;3.13.0&apos;, revision: &apos;2f0d292&apos;, time: &apos;2018-06-25T15:24:21.231Z&apos;
System info: host: &apos;EMB-BAN-168&apos;, ip: &apos;10.99.90.140&apos;, os.name: &apos;Windows 7&apos;, os.arch: &apos;amd64&apos;, os.version: &apos;6.1&apos;, java.version: &apos;1.8.0_171&apos;
Driver info: org.openqa.selenium.chrome.ChromeDriver
Capabilities {acceptInsecureCerts: false, acceptSslCerts: false, applicationCacheEnabled: false, browserConnectionEnabled: false, browserName: chrome, chrome: {chromedriverVersion: 2.40.565498 (ea082db3280dd6..., userDataDir: C:\Users\EMB-VI~1\AppData\L...}, cssSelectorsEnabled: true, databaseEnabled: false, handlesAlerts: true, hasTouchScreen: false, javascriptEnabled: true, locationContextEnabled: true, mobileEmulationEnabled: false, nativeEvents: true, networkConnectionEnabled: false, pageLoadStrategy: normal, platform: XP, platformName: XP, rotatable: false, setWindowRect: true, takesHeapSnapshot: true, takesScreenshot: true, unexpectedAlertBehaviour: , unhandledPromptBehavior: , version: 68.0.3440.75, webStorageEnabled: true}
Session ID: 39d27bc84ce6d9602d47c94bf193dd97
	at org.openqa.selenium.remote.ErrorHandler.createThrowable(ErrorHandler.java:214)
	at org.openqa.selenium.remote.ErrorHandler.throwIfResponseFailed(ErrorHandler.java:166)
	at org.openqa.selenium.remote.http.JsonHttpResponseCodec.reconstructValue(JsonHttpResponseCodec.java:40)
	at org.openqa.selenium.remote.http.AbstractHttpResponseCodec.decode(AbstractHttpResponseCodec.java:80)
	at org.openqa.selenium.remote.http.AbstractHttpResponseCodec.decode(AbstractHttpResponseCodec.java:44)
	at org.openqa.selenium.remote.HttpCommandExecutor.execute(HttpCommandExecutor.java:158)
	at org.openqa.selenium.remote.service.DriverCommandExecutor.execute(DriverCommandExecutor.java:83)
	at org.openqa.selenium.remote.RemoteWebDriver.execute(RemoteWebDriver.java:548)
	at org.openqa.selenium.remote.RemoteWebDriver.execute(RemoteWebDriver.java:605)
	at org.openqa.selenium.remote.RemoteWebDriver.close(RemoteWebDriver.java:438)
	at com.qa.globals.Globals.browserClose(Globals.java:233)
	at com.qa.globals.Globals.setUp(Globals.java:700)
	at com.qa.testcases.TestForgotPassword.launchUrl(TestForgotPassword.java:22)
... Removed 28 stack frames</div></td></tr></table><p class="totop"><a href="#summary">back to summary</a></p>
<h3 id="m29">com.qa.testcases.TestForgotPassword#coverStoryForgotPassword</h3><table class="result"><tr><th>Exception</th></tr><tr><td><div class="stacktrace">org.openqa.selenium.WebDriverException: chrome not reachable
  (Session info: chrome=68.0.3440.75)
  (Driver info: chromedriver=2.40.565498 (ea082db3280dd6843ebfb08a625e3eb905c4f5ab),platform=Windows NT 6.1.7601 SP1 x86_64) (WARNING: The server did not provide any stacktrace information)
Command duration or timeout: 0 milliseconds
Build info: version: &apos;3.13.0&apos;, revision: &apos;2f0d292&apos;, time: &apos;2018-06-25T15:24:21.231Z&apos;
System info: host: &apos;EMB-BAN-168&apos;, ip: &apos;10.99.90.140&apos;, os.name: &apos;Windows 7&apos;, os.arch: &apos;amd64&apos;, os.version: &apos;6.1&apos;, java.version: &apos;1.8.0_171&apos;
Driver info: org.openqa.selenium.chrome.ChromeDriver
Capabilities {acceptInsecureCerts: false, acceptSslCerts: false, applicationCacheEnabled: false, browserConnectionEnabled: false, browserName: chrome, chrome: {chromedriverVersion: 2.40.565498 (ea082db3280dd6..., userDataDir: C:\Users\EMB-VI~1\AppData\L...}, cssSelectorsEnabled: true, databaseEnabled: false, handlesAlerts: true, hasTouchScreen: false, javascriptEnabled: true, locationContextEnabled: true, mobileEmulationEnabled: false, nativeEvents: true, networkConnectionEnabled: false, pageLoadStrategy: normal, platform: XP, platformName: XP, rotatable: false, setWindowRect: true, takesHeapSnapshot: true, takesScreenshot: true, unexpectedAlertBehaviour: , unhandledPromptBehavior: , version: 68.0.3440.75, webStorageEnabled: true}
Session ID: 39d27bc84ce6d9602d47c94bf193dd97
	at org.openqa.selenium.remote.ErrorHandler.createThrowable(ErrorHandler.java:214)
	at org.openqa.selenium.remote.ErrorHandler.throwIfResponseFailed(ErrorHandler.java:166)
	at org.openqa.selenium.remote.http.JsonHttpResponseCodec.reconstructValue(JsonHttpResponseCodec.java:40)
	at org.openqa.selenium.remote.http.AbstractHttpResponseCodec.decode(AbstractHttpResponseCodec.java:80)
	at org.openqa.selenium.remote.http.AbstractHttpResponseCodec.decode(AbstractHttpResponseCodec.java:44)
	at org.openqa.selenium.remote.HttpCommandExecutor.execute(HttpCommandExecutor.java:158)
	at org.openqa.selenium.remote.service.DriverCommandExecutor.execute(DriverCommandExecutor.java:83)
	at org.openqa.selenium.remote.RemoteWebDriver.execute(RemoteWebDriver.java:548)
	at org.openqa.selenium.remote.RemoteWebDriver.execute(RemoteWebDriver.java:605)
	at org.openqa.selenium.remote.RemoteWebDriver.close(RemoteWebDriver.java:438)
	at com.qa.globals.Globals.browserClose(Globals.java:233)
	at com.qa.globals.Globals.setUp(Globals.java:700)
	at com.qa.testcases.TestForgotPassword.launchUrl(TestForgotPassword.java:22)
... Removed 28 stack frames</div></td></tr></table><p class="totop"><a href="#summary">back to summary</a></p>
</body>
</html>
