<?xml version="1.0" encoding="UTF-8"?>
<testng-results skipped="3" failed="1" ignored="0" total="25" passed="21">
  <reporter-output>
    <line>
      <![CDATA[Email : Login Icon clicked]]>
    </line>
    <line>
      <![CDATA[Email :Login button clicked]]>
    </line>
    <line>
      <![CDATA[Email :Email entered]]>
    </line>
    <line>
      <![CDATA[Email :Password entered]]>
    </line>
    <line>
      <![CDATA[Email :Login Icon clicked]]>
    </line>
    <line>
      <![CDATA[Email: Login success]]>
    </line>
    <line>
      <![CDATA[Email : Login Icon clicked]]>
    </line>
    <line>
      <![CDATA[Email :signout using Email number is successful]]>
    </line>
    <line>
      <![CDATA[Phone : Login Icon clicked]]>
    </line>
    <line>
      <![CDATA[Phone :Login button clicked]]>
    </line>
    <line>
      <![CDATA[Phone Number Login: Phone number entered]]>
    </line>
    <line>
      <![CDATA[Phone Number Login :Password entered]]>
    </line>
    <line>
      <![CDATA[Phone :Login using phone number is successful]]>
    </line>
    <line>
      <![CDATA[Email :Login Icon clicked]]>
    </line>
    <line>
      <![CDATA[Email: Login success]]>
    </line>
    <line>
      <![CDATA[Email : Login Icon clicked]]>
    </line>
    <line>
      <![CDATA[Email :signout using Email number is successful]]>
    </line>
    <line>
      <![CDATA[GooglePlus : Login Icon clicked]]>
    </line>
    <line>
      <![CDATA[GooglePlus :Login button clicked]]>
    </line>
    <line>
      <![CDATA[GooglePlus :signinGooglePlus button clicked]]>
    </line>
    <line>
      <![CDATA[GooglePlus :emailAndPhoneSignin button clicked]]>
    </line>
    <line>
      <![CDATA[GooglePlus :nextButtonSignin button clicked]]>
    </line>
    <line>
      <![CDATA[GooglePlus :gmailSigninButton button clicked]]>
    </line>
    <line>
      <![CDATA[GooglePlus :loginIcon button clicked]]>
    </line>
    <line>
      <![CDATA[Email :Login Icon clicked]]>
    </line>
    <line>
      <![CDATA[Email: Login success]]>
    </line>
    <line>
      <![CDATA[Email : Login Icon clicked]]>
    </line>
    <line>
      <![CDATA[Email :signout using Email number is successful]]>
    </line>
    <line>
      <![CDATA[Facebook : Login Icon clicked]]>
    </line>
    <line>
      <![CDATA[Facebook : Login button clicked]]>
    </line>
    <line>
      <![CDATA[Facebook : signinFacebook button clicked]]>
    </line>
    <line>
      <![CDATA[Email :Login Icon clicked]]>
    </line>
    <line>
      <![CDATA[Email: Login success]]>
    </line>
    <line>
      <![CDATA[Email : Login Icon clicked]]>
    </line>
    <line>
      <![CDATA[Email :signout using Email number is successful]]>
    </line>
    <line>
      <![CDATA[Phone : Login Icon clicked]]>
    </line>
    <line>
      <![CDATA[Phone :Login button clicked]]>
    </line>
    <line>
      <![CDATA[Login with OTP: Phone number entered]]>
    </line>
    <line>
      <![CDATA[OTP sent]]>
    </line>
    <line>
      <![CDATA[Item added to mini cart successfully]]>
    </line>
    <line>
      <![CDATA[Item removed from mini cart successfully]]>
    </line>
    <line>
      <![CDATA[Item added to cart]]>
    </line>
    <line>
      <![CDATA[quick view window closed]]>
    </line>
    <line>
      <![CDATA[Cart icon clicked]]>
    </line>
    <line>
      <![CDATA[View cart button clicked]]>
    </line>
    <line>
      <![CDATA[Login successful]]>
    </line>
    <line>
      <![CDATA[Wishlist section opened successful]]>
    </line>
    <line>
      <![CDATA[Quickview window opened successful]]>
    </line>
    <line>
      <![CDATA[Item added to cart successful]]>
    </line>
    <line>
      <![CDATA[Wishlist section opened successful]]>
    </line>
    <line>
      <![CDATA[Banner clicked without Login]]>
    </line>
    <line>
      <![CDATA[Banner click with Login]]>
    </line>
    <line>
      <![CDATA[NewIn Banner clicked with Login]]>
    </line>
    <line>
      <![CDATA[NewIn Banner clicked with Login]]>
    </line>
    <line>
      <![CDATA[NewIn Banner clicked with Login]]>
    </line>
    <line>
      <![CDATA[NewIn Banner clicked with Login]]>
    </line>
    <line>
      <![CDATA[NewIn Banner clicked with Login]]>
    </line>
    <line>
      <![CDATA[NewIn Banner clicked with Login]]>
    </line>
    <line>
      <![CDATA[NewIn Banner clicked with Login]]>
    </line>
    <line>
      <![CDATA[LookBook1 Banner clicked with Login]]>
    </line>
    <line>
      <![CDATA[LookBook2 Banner clicked with Login]]>
    </line>
    <line>
      <![CDATA[Search result for shorts success with login]]>
    </line>
    <line>
      <![CDATA[Search result for jeans success with login]]>
    </line>
    <line>
      <![CDATA[Email :Login Icon clicked]]>
    </line>
    <line>
      <![CDATA[Email :signout using Email number is successful]]>
    </line>
    <line>
      <![CDATA[Account : loginIcon button clicked]]>
    </line>
    <line>
      <![CDATA[Account : MyAccount button clicked]]>
    </line>
    <line>
      <![CDATA[Account : editProfileButton button clicked]]>
    </line>
    <line>
      <![CDATA[First name successfully edited]]>
    </line>
    <line>
      <![CDATA[Last name successfully edited]]>
    </line>
    <line>
      <![CDATA[Account : saveProfileButton button clicked]]>
    </line>
    <line>
      <![CDATA[Account : changeAccountPasswordButton button clicked]]>
    </line>
    <line>
      <![CDATA[Account : newPasswordBox button clicked]]>
    </line>
    <line>
      <![CDATA[Account : confirmPasswordBox button clicked]]>
    </line>
    <line>
      <![CDATA[Account : savePasswordButton button clicked]]>
    </line>
    <line>
      <![CDATA[Account : mySavedAddress button clicked]]>
    </line>
    <line>
      <![CDATA[Account : openAddNewAddress button clicked]]>
    </line>
    <line>
      <![CDATA[Account : firstNameAddNewAddress button clicked]]>
    </line>
    <line>
      <![CDATA[Account : LastNameAddNewAddress button clicked]]>
    </line>
    <line>
      <![CDATA[Account : pincodeAddNewAddress button clicked]]>
    </line>
    <line>
      <![CDATA[Account : address1AddNewAddress button clicked]]>
    </line>
    <line>
      <![CDATA[Account : phoneAddNewAddress button clicked]]>
    </line>
    <line>
      <![CDATA[Account : saveAddressInAddNewAddress button clicked]]>
    </line>
    <line>
      <![CDATA[Account : deleteAddress button clicked]]>
    </line>
    <line>
      <![CDATA[Account : deleteAddressconfirm button clicked]]>
    </line>
  </reporter-output>
  <suite name="Suite" duration-ms="582636" started-at="2018-07-27T13:00:33Z" finished-at="2018-07-27T13:10:15Z">
    <groups>
    </groups>
    <test name="Test1" duration-ms="106430" started-at="2018-07-27T13:00:33Z" finished-at="2018-07-27T13:02:19Z">
      <class name="com.qa.testcases.TestCswLogin">
        <test-method status="PASS" signature="url_launch()[pri:0, instance:com.qa.testcases.TestCswLogin@4ae82894]" name="url_launch" is-config="true" duration-ms="23859" started-at="2018-07-27T13:00:33Z" finished-at="2018-07-27T13:00:57Z">
          <reporter-output>
          </reporter-output>
        </test-method> <!-- url_launch -->
        <test-method status="PASS" signature="coverStoryEmailLogin()[pri:0, instance:com.qa.testcases.TestCswLogin@4ae82894]" name="coverStoryEmailLogin" duration-ms="10387" started-at="2018-07-27T13:00:57Z" finished-at="2018-07-27T13:01:07Z">
          <reporter-output>
            <line>
              <![CDATA[Email : Login Icon clicked]]>
            </line>
            <line>
              <![CDATA[Email :Login button clicked]]>
            </line>
            <line>
              <![CDATA[Email :Email entered]]>
            </line>
            <line>
              <![CDATA[Email :Password entered]]>
            </line>
            <line>
              <![CDATA[Email :Login Icon clicked]]>
            </line>
            <line>
              <![CDATA[Email: Login success]]>
            </line>
            <line>
              <![CDATA[Email : Login Icon clicked]]>
            </line>
            <line>
              <![CDATA[Email :signout using Email number is successful]]>
            </line>
          </reporter-output>
        </test-method> <!-- coverStoryEmailLogin -->
        <test-method status="PASS" signature="coverStoryPhoneLogin()[pri:1, instance:com.qa.testcases.TestCswLogin@4ae82894]" name="coverStoryPhoneLogin" duration-ms="10346" started-at="2018-07-27T13:01:07Z" finished-at="2018-07-27T13:01:17Z">
          <reporter-output>
            <line>
              <![CDATA[Phone : Login Icon clicked]]>
            </line>
            <line>
              <![CDATA[Phone :Login button clicked]]>
            </line>
            <line>
              <![CDATA[Phone Number Login: Phone number entered]]>
            </line>
            <line>
              <![CDATA[Phone Number Login :Password entered]]>
            </line>
            <line>
              <![CDATA[Phone :Login using phone number is successful]]>
            </line>
            <line>
              <![CDATA[Email :Login Icon clicked]]>
            </line>
            <line>
              <![CDATA[Email: Login success]]>
            </line>
            <line>
              <![CDATA[Email : Login Icon clicked]]>
            </line>
            <line>
              <![CDATA[Email :signout using Email number is successful]]>
            </line>
          </reporter-output>
        </test-method> <!-- coverStoryPhoneLogin -->
        <test-method status="PASS" signature="coverStorygoogleplusLogin()[pri:2, instance:com.qa.testcases.TestCswLogin@4ae82894]" name="coverStorygoogleplusLogin" duration-ms="25825" started-at="2018-07-27T13:01:17Z" finished-at="2018-07-27T13:01:43Z">
          <reporter-output>
            <line>
              <![CDATA[GooglePlus : Login Icon clicked]]>
            </line>
            <line>
              <![CDATA[GooglePlus :Login button clicked]]>
            </line>
            <line>
              <![CDATA[GooglePlus :signinGooglePlus button clicked]]>
            </line>
            <line>
              <![CDATA[GooglePlus :emailAndPhoneSignin button clicked]]>
            </line>
            <line>
              <![CDATA[GooglePlus :nextButtonSignin button clicked]]>
            </line>
            <line>
              <![CDATA[GooglePlus :gmailSigninButton button clicked]]>
            </line>
            <line>
              <![CDATA[GooglePlus :loginIcon button clicked]]>
            </line>
            <line>
              <![CDATA[Email :Login Icon clicked]]>
            </line>
            <line>
              <![CDATA[Email: Login success]]>
            </line>
            <line>
              <![CDATA[Email : Login Icon clicked]]>
            </line>
            <line>
              <![CDATA[Email :signout using Email number is successful]]>
            </line>
          </reporter-output>
        </test-method> <!-- coverStorygoogleplusLogin -->
        <test-method status="PASS" signature="coverStoryFacebookLogin()[pri:3, instance:com.qa.testcases.TestCswLogin@4ae82894]" name="coverStoryFacebookLogin" duration-ms="21382" started-at="2018-07-27T13:01:43Z" finished-at="2018-07-27T13:02:05Z">
          <reporter-output>
            <line>
              <![CDATA[Facebook : Login Icon clicked]]>
            </line>
            <line>
              <![CDATA[Facebook : Login button clicked]]>
            </line>
            <line>
              <![CDATA[Facebook : signinFacebook button clicked]]>
            </line>
            <line>
              <![CDATA[Email :Login Icon clicked]]>
            </line>
            <line>
              <![CDATA[Email: Login success]]>
            </line>
            <line>
              <![CDATA[Email : Login Icon clicked]]>
            </line>
            <line>
              <![CDATA[Email :signout using Email number is successful]]>
            </line>
          </reporter-output>
        </test-method> <!-- coverStoryFacebookLogin -->
        <test-method status="PASS" signature="coverStoryOTPLogin()[pri:4, instance:com.qa.testcases.TestCswLogin@4ae82894]" name="coverStoryOTPLogin" duration-ms="11659" started-at="2018-07-27T13:02:05Z" finished-at="2018-07-27T13:02:16Z">
          <reporter-output>
            <line>
              <![CDATA[Phone : Login Icon clicked]]>
            </line>
            <line>
              <![CDATA[Phone :Login button clicked]]>
            </line>
            <line>
              <![CDATA[Login with OTP: Phone number entered]]>
            </line>
            <line>
              <![CDATA[OTP sent]]>
            </line>
          </reporter-output>
        </test-method> <!-- coverStoryOTPLogin -->
        <test-method status="PASS" signature="closeBrowser()[pri:0, instance:com.qa.testcases.TestCswLogin@4ae82894]" name="closeBrowser" is-config="true" duration-ms="2943" started-at="2018-07-27T13:02:16Z" finished-at="2018-07-27T13:02:19Z">
          <reporter-output>
          </reporter-output>
        </test-method> <!-- closeBrowser -->
      </class> <!-- com.qa.testcases.TestCswLogin -->
    </test> <!-- Test1 -->
    <test name="Test2" duration-ms="80759" started-at="2018-07-27T13:02:19Z" finished-at="2018-07-27T13:03:40Z">
      <class name="com.qa.testcases.TestAddCart">
        <test-method status="PASS" signature="launchUrl()[pri:0, instance:com.qa.testcases.TestAddCart@4b9e255]" name="launchUrl" is-config="true" duration-ms="18512" started-at="2018-07-27T13:02:19Z" finished-at="2018-07-27T13:02:38Z">
          <reporter-output>
          </reporter-output>
        </test-method> <!-- launchUrl -->
        <test-method status="PASS" signature="RemoveFromMinicart()[pri:0, instance:com.qa.testcases.TestAddCart@4b9e255]" name="RemoveFromMinicart" duration-ms="23691" started-at="2018-07-27T13:02:38Z" finished-at="2018-07-27T13:03:01Z">
          <reporter-output>
            <line>
              <![CDATA[Item added to mini cart successfully]]>
            </line>
            <line>
              <![CDATA[Item removed from mini cart successfully]]>
            </line>
          </reporter-output>
        </test-method> <!-- RemoveFromMinicart -->
        <test-method status="PASS" signature="AddToCart()[pri:2, instance:com.qa.testcases.TestAddCart@4b9e255]" name="AddToCart" duration-ms="18223" started-at="2018-07-27T13:03:01Z" finished-at="2018-07-27T13:03:20Z">
          <reporter-output>
          </reporter-output>
        </test-method> <!-- AddToCart -->
        <test-method status="PASS" signature="AddToCartQuickview()[pri:3, instance:com.qa.testcases.TestAddCart@4b9e255]" name="AddToCartQuickview" duration-ms="17605" started-at="2018-07-27T13:03:20Z" finished-at="2018-07-27T13:03:37Z">
          <reporter-output>
            <line>
              <![CDATA[Item added to cart]]>
            </line>
            <line>
              <![CDATA[quick view window closed]]>
            </line>
            <line>
              <![CDATA[Cart icon clicked]]>
            </line>
            <line>
              <![CDATA[View cart button clicked]]>
            </line>
          </reporter-output>
        </test-method> <!-- AddToCartQuickview -->
        <test-method status="PASS" signature="closeBrowser()[pri:0, instance:com.qa.testcases.TestAddCart@4b9e255]" name="closeBrowser" is-config="true" duration-ms="2720" started-at="2018-07-27T13:03:37Z" finished-at="2018-07-27T13:03:40Z">
          <reporter-output>
          </reporter-output>
        </test-method> <!-- closeBrowser -->
      </class> <!-- com.qa.testcases.TestAddCart -->
    </test> <!-- Test2 -->
    <test name="Test3" duration-ms="109844" started-at="2018-07-27T13:03:40Z" finished-at="2018-07-27T13:05:30Z">
      <class name="com.qa.testcases.TestAddWishlist">
        <test-method status="PASS" signature="launchURL()[pri:0, instance:com.qa.testcases.TestAddWishlist@50de0926]" name="launchURL" is-config="true" duration-ms="28736" started-at="2018-07-27T13:03:40Z" finished-at="2018-07-27T13:04:09Z">
          <reporter-output>
          </reporter-output>
        </test-method> <!-- launchURL -->
        <test-method status="PASS" signature="AddToWishlistQuickviewLogin()[pri:1, instance:com.qa.testcases.TestAddWishlist@50de0926]" name="AddToWishlistQuickviewLogin" duration-ms="42847" started-at="2018-07-27T13:04:09Z" finished-at="2018-07-27T13:04:52Z">
          <reporter-output>
            <line>
              <![CDATA[Login successful]]>
            </line>
            <line>
              <![CDATA[Wishlist section opened successful]]>
            </line>
            <line>
              <![CDATA[Quickview window opened successful]]>
            </line>
            <line>
              <![CDATA[Item added to cart successful]]>
            </line>
            <line>
              <![CDATA[Wishlist section opened successful]]>
            </line>
          </reporter-output>
        </test-method> <!-- AddToWishlistQuickviewLogin -->
        <test-method status="PASS" signature="AddToWishlistPLP()[pri:2, instance:com.qa.testcases.TestAddWishlist@50de0926]" name="AddToWishlistPLP" duration-ms="16675" started-at="2018-07-27T13:04:52Z" finished-at="2018-07-27T13:05:08Z">
          <reporter-output>
          </reporter-output>
        </test-method> <!-- AddToWishlistPLP -->
        <test-method status="PASS" signature="AddToWishlistPDP()[pri:3, instance:com.qa.testcases.TestAddWishlist@50de0926]" name="AddToWishlistPDP" duration-ms="20814" started-at="2018-07-27T13:05:08Z" finished-at="2018-07-27T13:05:29Z">
          <reporter-output>
          </reporter-output>
        </test-method> <!-- AddToWishlistPDP -->
        <test-method status="PASS" signature="closeBrowser()[pri:0, instance:com.qa.testcases.TestAddWishlist@50de0926]" name="closeBrowser" is-config="true" duration-ms="763" started-at="2018-07-27T13:05:29Z" finished-at="2018-07-27T13:05:30Z">
          <reporter-output>
          </reporter-output>
        </test-method> <!-- closeBrowser -->
      </class> <!-- com.qa.testcases.TestAddWishlist -->
    </test> <!-- Test3 -->
    <test name="Test4" duration-ms="106511" started-at="2018-07-27T13:05:30Z" finished-at="2018-07-27T13:07:16Z">
      <class name="com.qa.testcases.TestBannerClick">
        <test-method status="PASS" signature="launchUrl()[pri:0, instance:com.qa.testcases.TestBannerClick@6c9f5c0d]" name="launchUrl" is-config="true" duration-ms="33167" started-at="2018-07-27T13:05:30Z" finished-at="2018-07-27T13:06:03Z">
          <reporter-output>
          </reporter-output>
        </test-method> <!-- launchUrl -->
        <test-method status="PASS" signature="BannerOne()[pri:0, instance:com.qa.testcases.TestBannerClick@6c9f5c0d]" name="BannerOne" duration-ms="1921" started-at="2018-07-27T13:06:03Z" finished-at="2018-07-27T13:06:05Z">
          <reporter-output>
            <line>
              <![CDATA[Banner clicked without Login]]>
            </line>
          </reporter-output>
        </test-method> <!-- BannerOne -->
        <test-method status="PASS" signature="BannerclickWithLogin()[pri:1, instance:com.qa.testcases.TestBannerClick@6c9f5c0d]" name="BannerclickWithLogin" duration-ms="13468" started-at="2018-07-27T13:06:05Z" finished-at="2018-07-27T13:06:18Z">
          <reporter-output>
            <line>
              <![CDATA[Banner click with Login]]>
            </line>
          </reporter-output>
        </test-method> <!-- BannerclickWithLogin -->
        <test-method status="PASS" signature="BannerclickWithLoginTwo()[pri:2, instance:com.qa.testcases.TestBannerClick@6c9f5c0d]" name="BannerclickWithLoginTwo" duration-ms="12563" started-at="2018-07-27T13:06:18Z" finished-at="2018-07-27T13:06:31Z">
          <reporter-output>
            <line>
              <![CDATA[NewIn Banner clicked with Login]]>
            </line>
          </reporter-output>
        </test-method> <!-- BannerclickWithLoginTwo -->
        <test-method status="PASS" signature="BannerclickWithLoginThree()[pri:3, instance:com.qa.testcases.TestBannerClick@6c9f5c0d]" name="BannerclickWithLoginThree" duration-ms="20448" started-at="2018-07-27T13:06:31Z" finished-at="2018-07-27T13:06:51Z">
          <reporter-output>
            <line>
              <![CDATA[NewIn Banner clicked with Login]]>
            </line>
            <line>
              <![CDATA[NewIn Banner clicked with Login]]>
            </line>
            <line>
              <![CDATA[NewIn Banner clicked with Login]]>
            </line>
            <line>
              <![CDATA[NewIn Banner clicked with Login]]>
            </line>
            <line>
              <![CDATA[NewIn Banner clicked with Login]]>
            </line>
            <line>
              <![CDATA[NewIn Banner clicked with Login]]>
            </line>
          </reporter-output>
        </test-method> <!-- BannerclickWithLoginThree -->
        <test-method status="PASS" signature="BannerclickLookBook()[pri:4, instance:com.qa.testcases.TestBannerClick@6c9f5c0d]" name="BannerclickLookBook" duration-ms="24075" started-at="2018-07-27T13:06:51Z" finished-at="2018-07-27T13:07:15Z">
          <reporter-output>
            <line>
              <![CDATA[LookBook1 Banner clicked with Login]]>
            </line>
            <line>
              <![CDATA[LookBook2 Banner clicked with Login]]>
            </line>
          </reporter-output>
        </test-method> <!-- BannerclickLookBook -->
        <test-method status="PASS" signature="closeBrowser()[pri:0, instance:com.qa.testcases.TestBannerClick@6c9f5c0d]" name="closeBrowser" is-config="true" duration-ms="863" started-at="2018-07-27T13:07:15Z" finished-at="2018-07-27T13:07:16Z">
          <reporter-output>
          </reporter-output>
        </test-method> <!-- closeBrowser -->
      </class> <!-- com.qa.testcases.TestBannerClick -->
    </test> <!-- Test4 -->
    <test name="Test5" duration-ms="43565" started-at="2018-07-27T13:07:16Z" finished-at="2018-07-27T13:08:00Z">
      <class name="com.qa.testcases.TestSearch$TestAccount">
        <test-method status="PASS" signature="launchUrl()[pri:0, instance:com.qa.testcases.TestSearch$TestAccount@3bd94634]" name="launchUrl" is-config="true" duration-ms="28865" started-at="2018-07-27T13:07:16Z" finished-at="2018-07-27T13:07:45Z">
          <reporter-output>
          </reporter-output>
        </test-method> <!-- launchUrl -->
        <test-method status="PASS" signature="search()[pri:0, instance:com.qa.testcases.TestSearch$TestAccount@3bd94634]" name="search" duration-ms="11750" started-at="2018-07-27T13:07:45Z" finished-at="2018-07-27T13:07:57Z">
          <reporter-output>
            <line>
              <![CDATA[Search result for shorts success with login]]>
            </line>
            <line>
              <![CDATA[Search result for jeans success with login]]>
            </line>
            <line>
              <![CDATA[Email :Login Icon clicked]]>
            </line>
            <line>
              <![CDATA[Email :signout using Email number is successful]]>
            </line>
          </reporter-output>
        </test-method> <!-- search -->
        <test-method status="PASS" signature="closeBrowser()[pri:0, instance:com.qa.testcases.TestSearch$TestAccount@3bd94634]" name="closeBrowser" is-config="true" duration-ms="2948" started-at="2018-07-27T13:07:57Z" finished-at="2018-07-27T13:08:00Z">
          <reporter-output>
          </reporter-output>
        </test-method> <!-- closeBrowser -->
      </class> <!-- com.qa.testcases.TestSearch$TestAccount -->
    </test> <!-- Test5 -->
    <test name="Test6" duration-ms="64295" started-at="2018-07-27T13:08:00Z" finished-at="2018-07-27T13:09:04Z">
      <class name="com.qa.testcases.TestAccount">
        <test-method status="PASS" signature="launchUrl()[pri:0, instance:com.qa.testcases.TestAccount@166fa74d]" name="launchUrl" is-config="true" duration-ms="29602" started-at="2018-07-27T13:08:00Z" finished-at="2018-07-27T13:08:30Z">
          <reporter-output>
          </reporter-output>
        </test-method> <!-- launchUrl -->
        <test-method status="PASS" signature="MyAccountInfo()[pri:0, instance:com.qa.testcases.TestAccount@166fa74d]" name="MyAccountInfo" duration-ms="15353" started-at="2018-07-27T13:08:30Z" finished-at="2018-07-27T13:08:45Z">
          <reporter-output>
            <line>
              <![CDATA[Account : loginIcon button clicked]]>
            </line>
            <line>
              <![CDATA[Account : MyAccount button clicked]]>
            </line>
            <line>
              <![CDATA[Account : editProfileButton button clicked]]>
            </line>
            <line>
              <![CDATA[First name successfully edited]]>
            </line>
            <line>
              <![CDATA[Last name successfully edited]]>
            </line>
            <line>
              <![CDATA[Account : saveProfileButton button clicked]]>
            </line>
          </reporter-output>
        </test-method> <!-- MyAccountInfo -->
        <test-method status="PASS" signature="MyAccountChangePassword()[pri:1, instance:com.qa.testcases.TestAccount@166fa74d]" name="MyAccountChangePassword" duration-ms="930" started-at="2018-07-27T13:08:45Z" finished-at="2018-07-27T13:08:46Z">
          <reporter-output>
            <line>
              <![CDATA[Account : changeAccountPasswordButton button clicked]]>
            </line>
            <line>
              <![CDATA[Account : newPasswordBox button clicked]]>
            </line>
            <line>
              <![CDATA[Account : confirmPasswordBox button clicked]]>
            </line>
            <line>
              <![CDATA[Account : savePasswordButton button clicked]]>
            </line>
          </reporter-output>
        </test-method> <!-- MyAccountChangePassword -->
        <test-method status="PASS" signature="MyAccountOrderPage()[pri:2, instance:com.qa.testcases.TestAccount@166fa74d]" name="MyAccountOrderPage" duration-ms="1695" started-at="2018-07-27T13:08:46Z" finished-at="2018-07-27T13:08:48Z">
          <reporter-output>
          </reporter-output>
        </test-method> <!-- MyAccountOrderPage -->
        <test-method status="PASS" signature="MyAccountSaveAddressPage()[pri:3, instance:com.qa.testcases.TestAccount@166fa74d]" name="MyAccountSaveAddressPage" duration-ms="13765" started-at="2018-07-27T13:08:48Z" finished-at="2018-07-27T13:09:01Z">
          <reporter-output>
            <line>
              <![CDATA[Account : mySavedAddress button clicked]]>
            </line>
            <line>
              <![CDATA[Account : openAddNewAddress button clicked]]>
            </line>
            <line>
              <![CDATA[Account : firstNameAddNewAddress button clicked]]>
            </line>
            <line>
              <![CDATA[Account : LastNameAddNewAddress button clicked]]>
            </line>
            <line>
              <![CDATA[Account : pincodeAddNewAddress button clicked]]>
            </line>
            <line>
              <![CDATA[Account : address1AddNewAddress button clicked]]>
            </line>
            <line>
              <![CDATA[Account : phoneAddNewAddress button clicked]]>
            </line>
            <line>
              <![CDATA[Account : saveAddressInAddNewAddress button clicked]]>
            </line>
            <line>
              <![CDATA[Account : deleteAddress button clicked]]>
            </line>
            <line>
              <![CDATA[Account : deleteAddressconfirm button clicked]]>
            </line>
          </reporter-output>
        </test-method> <!-- MyAccountSaveAddressPage -->
        <test-method status="PASS" signature="closeBrowser()[pri:0, instance:com.qa.testcases.TestAccount@166fa74d]" name="closeBrowser" is-config="true" duration-ms="2942" started-at="2018-07-27T13:09:01Z" finished-at="2018-07-27T13:09:04Z">
          <reporter-output>
          </reporter-output>
        </test-method> <!-- closeBrowser -->
      </class> <!-- com.qa.testcases.TestAccount -->
    </test> <!-- Test6 -->
    <test name="Test7" duration-ms="69310" started-at="2018-07-27T13:09:04Z" finished-at="2018-07-27T13:10:14Z">
      <class name="com.qa.testcases.TestPlaceOrder">
        <test-method status="PASS" signature="launchUrl()[pri:0, instance:com.qa.testcases.TestPlaceOrder@4e4aea35]" name="launchUrl" is-config="true" duration-ms="17572" started-at="2018-07-27T13:09:04Z" finished-at="2018-07-27T13:09:22Z">
          <reporter-output>
          </reporter-output>
        </test-method> <!-- launchUrl -->
        <test-method status="FAIL" signature="OrderPlace()[pri:0, instance:com.qa.testcases.TestPlaceOrder@4e4aea35]" name="OrderPlace" duration-ms="51491" started-at="2018-07-27T13:09:22Z" finished-at="2018-07-27T13:10:13Z">
          <exception class="org.openqa.selenium.WebDriverException">
            <message>
              <![CDATA[chrome not reachable
  (Session info: chrome=68.0.3440.75)
  (Driver info: chromedriver=2.40.565498 (ea082db3280dd6843ebfb08a625e3eb905c4f5ab),platform=Windows NT 6.1.7601 SP1 x86_64) (WARNING: The server did not provide any stacktrace information)
Command duration or timeout: 0 milliseconds
Build info: version: '3.13.0', revision: '2f0d292', time: '2018-06-25T15:24:21.231Z'
System info: host: 'EMB-BAN-168', ip: '10.99.90.140', os.name: 'Windows 7', os.arch: 'amd64', os.version: '6.1', java.version: '1.8.0_171'
Driver info: org.openqa.selenium.chrome.ChromeDriver
Capabilities {acceptInsecureCerts: false, acceptSslCerts: false, applicationCacheEnabled: false, browserConnectionEnabled: false, browserName: chrome, chrome: {chromedriverVersion: 2.40.565498 (ea082db3280dd6..., userDataDir: C:\Users\EMB-VI~1\AppData\L...}, cssSelectorsEnabled: true, databaseEnabled: false, handlesAlerts: true, hasTouchScreen: false, javascriptEnabled: true, locationContextEnabled: true, mobileEmulationEnabled: false, nativeEvents: true, networkConnectionEnabled: false, pageLoadStrategy: normal, platform: XP, platformName: XP, rotatable: false, setWindowRect: true, takesHeapSnapshot: true, takesScreenshot: true, unexpectedAlertBehaviour: , unhandledPromptBehavior: , version: 68.0.3440.75, webStorageEnabled: true}
Session ID: 39d27bc84ce6d9602d47c94bf193dd97
*** Element info: {Using=xpath, value=//*[@id='payment-form']/div[1]/div/div[1]/div[4]/div/div[1]/div/ul/li[1]/div}]]>
            </message>
            <full-stacktrace>
              <![CDATA[org.openqa.selenium.WebDriverException: chrome not reachable
  (Session info: chrome=68.0.3440.75)
  (Driver info: chromedriver=2.40.565498 (ea082db3280dd6843ebfb08a625e3eb905c4f5ab),platform=Windows NT 6.1.7601 SP1 x86_64) (WARNING: The server did not provide any stacktrace information)
Command duration or timeout: 0 milliseconds
Build info: version: '3.13.0', revision: '2f0d292', time: '2018-06-25T15:24:21.231Z'
System info: host: 'EMB-BAN-168', ip: '10.99.90.140', os.name: 'Windows 7', os.arch: 'amd64', os.version: '6.1', java.version: '1.8.0_171'
Driver info: org.openqa.selenium.chrome.ChromeDriver
Capabilities {acceptInsecureCerts: false, acceptSslCerts: false, applicationCacheEnabled: false, browserConnectionEnabled: false, browserName: chrome, chrome: {chromedriverVersion: 2.40.565498 (ea082db3280dd6..., userDataDir: C:\Users\EMB-VI~1\AppData\L...}, cssSelectorsEnabled: true, databaseEnabled: false, handlesAlerts: true, hasTouchScreen: false, javascriptEnabled: true, locationContextEnabled: true, mobileEmulationEnabled: false, nativeEvents: true, networkConnectionEnabled: false, pageLoadStrategy: normal, platform: XP, platformName: XP, rotatable: false, setWindowRect: true, takesHeapSnapshot: true, takesScreenshot: true, unexpectedAlertBehaviour: , unhandledPromptBehavior: , version: 68.0.3440.75, webStorageEnabled: true}
Session ID: 39d27bc84ce6d9602d47c94bf193dd97
*** Element info: {Using=xpath, value=//*[@id='payment-form']/div[1]/div/div[1]/div[4]/div/div[1]/div/ul/li[1]/div}
at sun.reflect.NativeConstructorAccessorImpl.newInstance0(Native Method)
at sun.reflect.NativeConstructorAccessorImpl.newInstance(Unknown Source)
at sun.reflect.DelegatingConstructorAccessorImpl.newInstance(Unknown Source)
at java.lang.reflect.Constructor.newInstance(Unknown Source)
at org.openqa.selenium.remote.ErrorHandler.createThrowable(ErrorHandler.java:214)
at org.openqa.selenium.remote.ErrorHandler.throwIfResponseFailed(ErrorHandler.java:166)
at org.openqa.selenium.remote.http.JsonHttpResponseCodec.reconstructValue(JsonHttpResponseCodec.java:40)
at org.openqa.selenium.remote.http.AbstractHttpResponseCodec.decode(AbstractHttpResponseCodec.java:80)
at org.openqa.selenium.remote.http.AbstractHttpResponseCodec.decode(AbstractHttpResponseCodec.java:44)
at org.openqa.selenium.remote.HttpCommandExecutor.execute(HttpCommandExecutor.java:158)
at org.openqa.selenium.remote.service.DriverCommandExecutor.execute(DriverCommandExecutor.java:83)
at org.openqa.selenium.remote.RemoteWebDriver.execute(RemoteWebDriver.java:548)
at org.openqa.selenium.remote.RemoteWebDriver.findElement(RemoteWebDriver.java:322)
at org.openqa.selenium.remote.RemoteWebDriver.findElementByXPath(RemoteWebDriver.java:424)
at org.openqa.selenium.By$ByXPath.findElement(By.java:353)
at org.openqa.selenium.remote.RemoteWebDriver.findElement(RemoteWebDriver.java:314)
at org.openqa.selenium.support.pagefactory.DefaultElementLocator.findElement(DefaultElementLocator.java:69)
at org.openqa.selenium.support.pagefactory.internal.LocatingElementHandler.invoke(LocatingElementHandler.java:38)
at com.sun.proxy.$Proxy11.click(Unknown Source)
at com.qa.testcases.TestPlaceOrder.OrderPlace(TestPlaceOrder.java:48)
at sun.reflect.NativeMethodAccessorImpl.invoke0(Native Method)
at sun.reflect.NativeMethodAccessorImpl.invoke(Unknown Source)
at sun.reflect.DelegatingMethodAccessorImpl.invoke(Unknown Source)
at java.lang.reflect.Method.invoke(Unknown Source)
at org.testng.internal.MethodInvocationHelper.invokeMethod(MethodInvocationHelper.java:124)
at org.testng.internal.Invoker.invokeMethod(Invoker.java:580)
at org.testng.internal.Invoker.invokeTestMethod(Invoker.java:716)
at org.testng.internal.Invoker.invokeTestMethods(Invoker.java:988)
at org.testng.internal.TestMethodWorker.invokeTestMethods(TestMethodWorker.java:125)
at org.testng.internal.TestMethodWorker.run(TestMethodWorker.java:109)
at org.testng.TestRunner.privateRun(TestRunner.java:648)
at org.testng.TestRunner.run(TestRunner.java:505)
at org.testng.SuiteRunner.runTest(SuiteRunner.java:455)
at org.testng.SuiteRunner.runSequentially(SuiteRunner.java:450)
at org.testng.SuiteRunner.privateRun(SuiteRunner.java:415)
at org.testng.SuiteRunner.run(SuiteRunner.java:364)
at org.testng.SuiteRunnerWorker.runSuite(SuiteRunnerWorker.java:52)
at org.testng.SuiteRunnerWorker.run(SuiteRunnerWorker.java:84)
at org.testng.TestNG.runSuitesSequentially(TestNG.java:1208)
at org.testng.TestNG.runSuitesLocally(TestNG.java:1137)
at org.testng.TestNG.runSuites(TestNG.java:1049)
at org.testng.TestNG.run(TestNG.java:1017)
at org.testng.remote.AbstractRemoteTestNG.run(AbstractRemoteTestNG.java:114)
at org.testng.remote.RemoteTestNG.initAndRun(RemoteTestNG.java:251)
at org.testng.remote.RemoteTestNG.main(RemoteTestNG.java:77)
]]>
            </full-stacktrace>
          </exception> <!-- org.openqa.selenium.WebDriverException -->
          <reporter-output>
          </reporter-output>
        </test-method> <!-- OrderPlace -->
        <test-method status="FAIL" signature="closeBrowser()[pri:0, instance:com.qa.testcases.TestPlaceOrder@4e4aea35]" name="closeBrowser" is-config="true" duration-ms="229" started-at="2018-07-27T13:10:13Z" finished-at="2018-07-27T13:10:14Z">
          <exception class="org.openqa.selenium.WebDriverException">
            <message>
              <![CDATA[chrome not reachable
  (Session info: chrome=68.0.3440.75)
  (Driver info: chromedriver=2.40.565498 (ea082db3280dd6843ebfb08a625e3eb905c4f5ab),platform=Windows NT 6.1.7601 SP1 x86_64) (WARNING: The server did not provide any stacktrace information)
Command duration or timeout: 0 milliseconds
Build info: version: '3.13.0', revision: '2f0d292', time: '2018-06-25T15:24:21.231Z'
System info: host: 'EMB-BAN-168', ip: '10.99.90.140', os.name: 'Windows 7', os.arch: 'amd64', os.version: '6.1', java.version: '1.8.0_171'
Driver info: org.openqa.selenium.chrome.ChromeDriver
Capabilities {acceptInsecureCerts: false, acceptSslCerts: false, applicationCacheEnabled: false, browserConnectionEnabled: false, browserName: chrome, chrome: {chromedriverVersion: 2.40.565498 (ea082db3280dd6..., userDataDir: C:\Users\EMB-VI~1\AppData\L...}, cssSelectorsEnabled: true, databaseEnabled: false, handlesAlerts: true, hasTouchScreen: false, javascriptEnabled: true, locationContextEnabled: true, mobileEmulationEnabled: false, nativeEvents: true, networkConnectionEnabled: false, pageLoadStrategy: normal, platform: XP, platformName: XP, rotatable: false, setWindowRect: true, takesHeapSnapshot: true, takesScreenshot: true, unexpectedAlertBehaviour: , unhandledPromptBehavior: , version: 68.0.3440.75, webStorageEnabled: true}
Session ID: 39d27bc84ce6d9602d47c94bf193dd97]]>
            </message>
            <full-stacktrace>
              <![CDATA[org.openqa.selenium.WebDriverException: chrome not reachable
  (Session info: chrome=68.0.3440.75)
  (Driver info: chromedriver=2.40.565498 (ea082db3280dd6843ebfb08a625e3eb905c4f5ab),platform=Windows NT 6.1.7601 SP1 x86_64) (WARNING: The server did not provide any stacktrace information)
Command duration or timeout: 0 milliseconds
Build info: version: '3.13.0', revision: '2f0d292', time: '2018-06-25T15:24:21.231Z'
System info: host: 'EMB-BAN-168', ip: '10.99.90.140', os.name: 'Windows 7', os.arch: 'amd64', os.version: '6.1', java.version: '1.8.0_171'
Driver info: org.openqa.selenium.chrome.ChromeDriver
Capabilities {acceptInsecureCerts: false, acceptSslCerts: false, applicationCacheEnabled: false, browserConnectionEnabled: false, browserName: chrome, chrome: {chromedriverVersion: 2.40.565498 (ea082db3280dd6..., userDataDir: C:\Users\EMB-VI~1\AppData\L...}, cssSelectorsEnabled: true, databaseEnabled: false, handlesAlerts: true, hasTouchScreen: false, javascriptEnabled: true, locationContextEnabled: true, mobileEmulationEnabled: false, nativeEvents: true, networkConnectionEnabled: false, pageLoadStrategy: normal, platform: XP, platformName: XP, rotatable: false, setWindowRect: true, takesHeapSnapshot: true, takesScreenshot: true, unexpectedAlertBehaviour: , unhandledPromptBehavior: , version: 68.0.3440.75, webStorageEnabled: true}
Session ID: 39d27bc84ce6d9602d47c94bf193dd97
at sun.reflect.NativeConstructorAccessorImpl.newInstance0(Native Method)
at sun.reflect.NativeConstructorAccessorImpl.newInstance(Unknown Source)
at sun.reflect.DelegatingConstructorAccessorImpl.newInstance(Unknown Source)
at java.lang.reflect.Constructor.newInstance(Unknown Source)
at org.openqa.selenium.remote.ErrorHandler.createThrowable(ErrorHandler.java:214)
at org.openqa.selenium.remote.ErrorHandler.throwIfResponseFailed(ErrorHandler.java:166)
at org.openqa.selenium.remote.http.JsonHttpResponseCodec.reconstructValue(JsonHttpResponseCodec.java:40)
at org.openqa.selenium.remote.http.AbstractHttpResponseCodec.decode(AbstractHttpResponseCodec.java:80)
at org.openqa.selenium.remote.http.AbstractHttpResponseCodec.decode(AbstractHttpResponseCodec.java:44)
at org.openqa.selenium.remote.HttpCommandExecutor.execute(HttpCommandExecutor.java:158)
at org.openqa.selenium.remote.service.DriverCommandExecutor.execute(DriverCommandExecutor.java:83)
at org.openqa.selenium.remote.RemoteWebDriver.execute(RemoteWebDriver.java:548)
at org.openqa.selenium.remote.RemoteWebDriver.execute(RemoteWebDriver.java:605)
at org.openqa.selenium.remote.RemoteWebDriver.close(RemoteWebDriver.java:438)
at com.qa.globals.Globals.browserClose(Globals.java:233)
at com.qa.testcases.TestPlaceOrder.closeBrowser(TestPlaceOrder.java:136)
at sun.reflect.NativeMethodAccessorImpl.invoke0(Native Method)
at sun.reflect.NativeMethodAccessorImpl.invoke(Unknown Source)
at sun.reflect.DelegatingMethodAccessorImpl.invoke(Unknown Source)
at java.lang.reflect.Method.invoke(Unknown Source)
at org.testng.internal.MethodInvocationHelper.invokeMethod(MethodInvocationHelper.java:124)
at org.testng.internal.MethodInvocationHelper.invokeMethodConsideringTimeout(MethodInvocationHelper.java:59)
at org.testng.internal.Invoker.invokeConfigurationMethod(Invoker.java:455)
at org.testng.internal.Invoker.invokeConfigurations(Invoker.java:222)
at org.testng.internal.Invoker.invokeMethod(Invoker.java:643)
at org.testng.internal.Invoker.invokeTestMethod(Invoker.java:716)
at org.testng.internal.Invoker.invokeTestMethods(Invoker.java:988)
at org.testng.internal.TestMethodWorker.invokeTestMethods(TestMethodWorker.java:125)
at org.testng.internal.TestMethodWorker.run(TestMethodWorker.java:109)
at org.testng.TestRunner.privateRun(TestRunner.java:648)
at org.testng.TestRunner.run(TestRunner.java:505)
at org.testng.SuiteRunner.runTest(SuiteRunner.java:455)
at org.testng.SuiteRunner.runSequentially(SuiteRunner.java:450)
at org.testng.SuiteRunner.privateRun(SuiteRunner.java:415)
at org.testng.SuiteRunner.run(SuiteRunner.java:364)
at org.testng.SuiteRunnerWorker.runSuite(SuiteRunnerWorker.java:52)
at org.testng.SuiteRunnerWorker.run(SuiteRunnerWorker.java:84)
at org.testng.TestNG.runSuitesSequentially(TestNG.java:1208)
at org.testng.TestNG.runSuitesLocally(TestNG.java:1137)
at org.testng.TestNG.runSuites(TestNG.java:1049)
at org.testng.TestNG.run(TestNG.java:1017)
at org.testng.remote.AbstractRemoteTestNG.run(AbstractRemoteTestNG.java:114)
at org.testng.remote.RemoteTestNG.initAndRun(RemoteTestNG.java:251)
at org.testng.remote.RemoteTestNG.main(RemoteTestNG.java:77)
]]>
            </full-stacktrace>
          </exception> <!-- org.openqa.selenium.WebDriverException -->
          <reporter-output>
          </reporter-output>
        </test-method> <!-- closeBrowser -->
        <test-method status="SKIP" signature="launchUrl()[pri:0, instance:com.qa.testcases.TestPlaceOrder@4e4aea35]" name="launchUrl" is-config="true" duration-ms="0" started-at="2018-07-27T13:10:14Z" finished-at="2018-07-27T13:10:14Z">
          <reporter-output>
          </reporter-output>
        </test-method> <!-- launchUrl -->
        <test-method status="SKIP" signature="OrderPlaceCheckout()[pri:1, instance:com.qa.testcases.TestPlaceOrder@4e4aea35]" name="OrderPlaceCheckout" duration-ms="0" started-at="2018-07-27T13:10:14Z" finished-at="2018-07-27T13:10:14Z">
          <exception class="org.openqa.selenium.WebDriverException">
            <message>
              <![CDATA[chrome not reachable
  (Session info: chrome=68.0.3440.75)
  (Driver info: chromedriver=2.40.565498 (ea082db3280dd6843ebfb08a625e3eb905c4f5ab),platform=Windows NT 6.1.7601 SP1 x86_64) (WARNING: The server did not provide any stacktrace information)
Command duration or timeout: 0 milliseconds
Build info: version: '3.13.0', revision: '2f0d292', time: '2018-06-25T15:24:21.231Z'
System info: host: 'EMB-BAN-168', ip: '10.99.90.140', os.name: 'Windows 7', os.arch: 'amd64', os.version: '6.1', java.version: '1.8.0_171'
Driver info: org.openqa.selenium.chrome.ChromeDriver
Capabilities {acceptInsecureCerts: false, acceptSslCerts: false, applicationCacheEnabled: false, browserConnectionEnabled: false, browserName: chrome, chrome: {chromedriverVersion: 2.40.565498 (ea082db3280dd6..., userDataDir: C:\Users\EMB-VI~1\AppData\L...}, cssSelectorsEnabled: true, databaseEnabled: false, handlesAlerts: true, hasTouchScreen: false, javascriptEnabled: true, locationContextEnabled: true, mobileEmulationEnabled: false, nativeEvents: true, networkConnectionEnabled: false, pageLoadStrategy: normal, platform: XP, platformName: XP, rotatable: false, setWindowRect: true, takesHeapSnapshot: true, takesScreenshot: true, unexpectedAlertBehaviour: , unhandledPromptBehavior: , version: 68.0.3440.75, webStorageEnabled: true}
Session ID: 39d27bc84ce6d9602d47c94bf193dd97]]>
            </message>
            <full-stacktrace>
              <![CDATA[org.openqa.selenium.WebDriverException: chrome not reachable
  (Session info: chrome=68.0.3440.75)
  (Driver info: chromedriver=2.40.565498 (ea082db3280dd6843ebfb08a625e3eb905c4f5ab),platform=Windows NT 6.1.7601 SP1 x86_64) (WARNING: The server did not provide any stacktrace information)
Command duration or timeout: 0 milliseconds
Build info: version: '3.13.0', revision: '2f0d292', time: '2018-06-25T15:24:21.231Z'
System info: host: 'EMB-BAN-168', ip: '10.99.90.140', os.name: 'Windows 7', os.arch: 'amd64', os.version: '6.1', java.version: '1.8.0_171'
Driver info: org.openqa.selenium.chrome.ChromeDriver
Capabilities {acceptInsecureCerts: false, acceptSslCerts: false, applicationCacheEnabled: false, browserConnectionEnabled: false, browserName: chrome, chrome: {chromedriverVersion: 2.40.565498 (ea082db3280dd6..., userDataDir: C:\Users\EMB-VI~1\AppData\L...}, cssSelectorsEnabled: true, databaseEnabled: false, handlesAlerts: true, hasTouchScreen: false, javascriptEnabled: true, locationContextEnabled: true, mobileEmulationEnabled: false, nativeEvents: true, networkConnectionEnabled: false, pageLoadStrategy: normal, platform: XP, platformName: XP, rotatable: false, setWindowRect: true, takesHeapSnapshot: true, takesScreenshot: true, unexpectedAlertBehaviour: , unhandledPromptBehavior: , version: 68.0.3440.75, webStorageEnabled: true}
Session ID: 39d27bc84ce6d9602d47c94bf193dd97
at sun.reflect.NativeConstructorAccessorImpl.newInstance0(Native Method)
at sun.reflect.NativeConstructorAccessorImpl.newInstance(Unknown Source)
at sun.reflect.DelegatingConstructorAccessorImpl.newInstance(Unknown Source)
at java.lang.reflect.Constructor.newInstance(Unknown Source)
at org.openqa.selenium.remote.ErrorHandler.createThrowable(ErrorHandler.java:214)
at org.openqa.selenium.remote.ErrorHandler.throwIfResponseFailed(ErrorHandler.java:166)
at org.openqa.selenium.remote.http.JsonHttpResponseCodec.reconstructValue(JsonHttpResponseCodec.java:40)
at org.openqa.selenium.remote.http.AbstractHttpResponseCodec.decode(AbstractHttpResponseCodec.java:80)
at org.openqa.selenium.remote.http.AbstractHttpResponseCodec.decode(AbstractHttpResponseCodec.java:44)
at org.openqa.selenium.remote.HttpCommandExecutor.execute(HttpCommandExecutor.java:158)
at org.openqa.selenium.remote.service.DriverCommandExecutor.execute(DriverCommandExecutor.java:83)
at org.openqa.selenium.remote.RemoteWebDriver.execute(RemoteWebDriver.java:548)
at org.openqa.selenium.remote.RemoteWebDriver.execute(RemoteWebDriver.java:605)
at org.openqa.selenium.remote.RemoteWebDriver.close(RemoteWebDriver.java:438)
at com.qa.globals.Globals.browserClose(Globals.java:233)
at com.qa.testcases.TestPlaceOrder.closeBrowser(TestPlaceOrder.java:136)
at sun.reflect.NativeMethodAccessorImpl.invoke0(Native Method)
at sun.reflect.NativeMethodAccessorImpl.invoke(Unknown Source)
at sun.reflect.DelegatingMethodAccessorImpl.invoke(Unknown Source)
at java.lang.reflect.Method.invoke(Unknown Source)
at org.testng.internal.MethodInvocationHelper.invokeMethod(MethodInvocationHelper.java:124)
at org.testng.internal.MethodInvocationHelper.invokeMethodConsideringTimeout(MethodInvocationHelper.java:59)
at org.testng.internal.Invoker.invokeConfigurationMethod(Invoker.java:455)
at org.testng.internal.Invoker.invokeConfigurations(Invoker.java:222)
at org.testng.internal.Invoker.invokeMethod(Invoker.java:643)
at org.testng.internal.Invoker.invokeTestMethod(Invoker.java:716)
at org.testng.internal.Invoker.invokeTestMethods(Invoker.java:988)
at org.testng.internal.TestMethodWorker.invokeTestMethods(TestMethodWorker.java:125)
at org.testng.internal.TestMethodWorker.run(TestMethodWorker.java:109)
at org.testng.TestRunner.privateRun(TestRunner.java:648)
at org.testng.TestRunner.run(TestRunner.java:505)
at org.testng.SuiteRunner.runTest(SuiteRunner.java:455)
at org.testng.SuiteRunner.runSequentially(SuiteRunner.java:450)
at org.testng.SuiteRunner.privateRun(SuiteRunner.java:415)
at org.testng.SuiteRunner.run(SuiteRunner.java:364)
at org.testng.SuiteRunnerWorker.runSuite(SuiteRunnerWorker.java:52)
at org.testng.SuiteRunnerWorker.run(SuiteRunnerWorker.java:84)
at org.testng.TestNG.runSuitesSequentially(TestNG.java:1208)
at org.testng.TestNG.runSuitesLocally(TestNG.java:1137)
at org.testng.TestNG.runSuites(TestNG.java:1049)
at org.testng.TestNG.run(TestNG.java:1017)
at org.testng.remote.AbstractRemoteTestNG.run(AbstractRemoteTestNG.java:114)
at org.testng.remote.RemoteTestNG.initAndRun(RemoteTestNG.java:251)
at org.testng.remote.RemoteTestNG.main(RemoteTestNG.java:77)
]]>
            </full-stacktrace>
          </exception> <!-- org.openqa.selenium.WebDriverException -->
          <reporter-output>
          </reporter-output>
        </test-method> <!-- OrderPlaceCheckout -->
        <test-method status="SKIP" signature="closeBrowser()[pri:0, instance:com.qa.testcases.TestPlaceOrder@4e4aea35]" name="closeBrowser" is-config="true" duration-ms="0" started-at="2018-07-27T13:10:14Z" finished-at="2018-07-27T13:10:14Z">
          <reporter-output>
          </reporter-output>
        </test-method> <!-- closeBrowser -->
      </class> <!-- com.qa.testcases.TestPlaceOrder -->
    </test> <!-- Test7 -->
    <test name="Test8" duration-ms="1760" started-at="2018-07-27T13:10:14Z" finished-at="2018-07-27T13:10:15Z">
      <class name="com.qa.testcases.TestForgotPassword">
        <test-method status="FAIL" signature="launchUrl()[pri:0, instance:com.qa.testcases.TestForgotPassword@679b62af]" name="launchUrl" is-config="true" duration-ms="1752" started-at="2018-07-27T13:10:14Z" finished-at="2018-07-27T13:10:15Z">
          <exception class="org.openqa.selenium.WebDriverException">
            <message>
              <![CDATA[chrome not reachable
  (Session info: chrome=68.0.3440.75)
  (Driver info: chromedriver=2.40.565498 (ea082db3280dd6843ebfb08a625e3eb905c4f5ab),platform=Windows NT 6.1.7601 SP1 x86_64) (WARNING: The server did not provide any stacktrace information)
Command duration or timeout: 0 milliseconds
Build info: version: '3.13.0', revision: '2f0d292', time: '2018-06-25T15:24:21.231Z'
System info: host: 'EMB-BAN-168', ip: '10.99.90.140', os.name: 'Windows 7', os.arch: 'amd64', os.version: '6.1', java.version: '1.8.0_171'
Driver info: org.openqa.selenium.chrome.ChromeDriver
Capabilities {acceptInsecureCerts: false, acceptSslCerts: false, applicationCacheEnabled: false, browserConnectionEnabled: false, browserName: chrome, chrome: {chromedriverVersion: 2.40.565498 (ea082db3280dd6..., userDataDir: C:\Users\EMB-VI~1\AppData\L...}, cssSelectorsEnabled: true, databaseEnabled: false, handlesAlerts: true, hasTouchScreen: false, javascriptEnabled: true, locationContextEnabled: true, mobileEmulationEnabled: false, nativeEvents: true, networkConnectionEnabled: false, pageLoadStrategy: normal, platform: XP, platformName: XP, rotatable: false, setWindowRect: true, takesHeapSnapshot: true, takesScreenshot: true, unexpectedAlertBehaviour: , unhandledPromptBehavior: , version: 68.0.3440.75, webStorageEnabled: true}
Session ID: 39d27bc84ce6d9602d47c94bf193dd97]]>
            </message>
            <full-stacktrace>
              <![CDATA[org.openqa.selenium.WebDriverException: chrome not reachable
  (Session info: chrome=68.0.3440.75)
  (Driver info: chromedriver=2.40.565498 (ea082db3280dd6843ebfb08a625e3eb905c4f5ab),platform=Windows NT 6.1.7601 SP1 x86_64) (WARNING: The server did not provide any stacktrace information)
Command duration or timeout: 0 milliseconds
Build info: version: '3.13.0', revision: '2f0d292', time: '2018-06-25T15:24:21.231Z'
System info: host: 'EMB-BAN-168', ip: '10.99.90.140', os.name: 'Windows 7', os.arch: 'amd64', os.version: '6.1', java.version: '1.8.0_171'
Driver info: org.openqa.selenium.chrome.ChromeDriver
Capabilities {acceptInsecureCerts: false, acceptSslCerts: false, applicationCacheEnabled: false, browserConnectionEnabled: false, browserName: chrome, chrome: {chromedriverVersion: 2.40.565498 (ea082db3280dd6..., userDataDir: C:\Users\EMB-VI~1\AppData\L...}, cssSelectorsEnabled: true, databaseEnabled: false, handlesAlerts: true, hasTouchScreen: false, javascriptEnabled: true, locationContextEnabled: true, mobileEmulationEnabled: false, nativeEvents: true, networkConnectionEnabled: false, pageLoadStrategy: normal, platform: XP, platformName: XP, rotatable: false, setWindowRect: true, takesHeapSnapshot: true, takesScreenshot: true, unexpectedAlertBehaviour: , unhandledPromptBehavior: , version: 68.0.3440.75, webStorageEnabled: true}
Session ID: 39d27bc84ce6d9602d47c94bf193dd97
at sun.reflect.NativeConstructorAccessorImpl.newInstance0(Native Method)
at sun.reflect.NativeConstructorAccessorImpl.newInstance(Unknown Source)
at sun.reflect.DelegatingConstructorAccessorImpl.newInstance(Unknown Source)
at java.lang.reflect.Constructor.newInstance(Unknown Source)
at org.openqa.selenium.remote.ErrorHandler.createThrowable(ErrorHandler.java:214)
at org.openqa.selenium.remote.ErrorHandler.throwIfResponseFailed(ErrorHandler.java:166)
at org.openqa.selenium.remote.http.JsonHttpResponseCodec.reconstructValue(JsonHttpResponseCodec.java:40)
at org.openqa.selenium.remote.http.AbstractHttpResponseCodec.decode(AbstractHttpResponseCodec.java:80)
at org.openqa.selenium.remote.http.AbstractHttpResponseCodec.decode(AbstractHttpResponseCodec.java:44)
at org.openqa.selenium.remote.HttpCommandExecutor.execute(HttpCommandExecutor.java:158)
at org.openqa.selenium.remote.service.DriverCommandExecutor.execute(DriverCommandExecutor.java:83)
at org.openqa.selenium.remote.RemoteWebDriver.execute(RemoteWebDriver.java:548)
at org.openqa.selenium.remote.RemoteWebDriver.execute(RemoteWebDriver.java:605)
at org.openqa.selenium.remote.RemoteWebDriver.close(RemoteWebDriver.java:438)
at com.qa.globals.Globals.browserClose(Globals.java:233)
at com.qa.globals.Globals.setUp(Globals.java:700)
at com.qa.testcases.TestForgotPassword.launchUrl(TestForgotPassword.java:22)
at sun.reflect.NativeMethodAccessorImpl.invoke0(Native Method)
at sun.reflect.NativeMethodAccessorImpl.invoke(Unknown Source)
at sun.reflect.DelegatingMethodAccessorImpl.invoke(Unknown Source)
at java.lang.reflect.Method.invoke(Unknown Source)
at org.testng.internal.MethodInvocationHelper.invokeMethod(MethodInvocationHelper.java:124)
at org.testng.internal.MethodInvocationHelper.invokeMethodConsideringTimeout(MethodInvocationHelper.java:59)
at org.testng.internal.Invoker.invokeConfigurationMethod(Invoker.java:455)
at org.testng.internal.Invoker.invokeConfigurations(Invoker.java:222)
at org.testng.internal.Invoker.invokeConfigurations(Invoker.java:142)
at org.testng.TestRunner.beforeRun(TestRunner.java:529)
at org.testng.TestRunner.run(TestRunner.java:497)
at org.testng.SuiteRunner.runTest(SuiteRunner.java:455)
at org.testng.SuiteRunner.runSequentially(SuiteRunner.java:450)
at org.testng.SuiteRunner.privateRun(SuiteRunner.java:415)
at org.testng.SuiteRunner.run(SuiteRunner.java:364)
at org.testng.SuiteRunnerWorker.runSuite(SuiteRunnerWorker.java:52)
at org.testng.SuiteRunnerWorker.run(SuiteRunnerWorker.java:84)
at org.testng.TestNG.runSuitesSequentially(TestNG.java:1208)
at org.testng.TestNG.runSuitesLocally(TestNG.java:1137)
at org.testng.TestNG.runSuites(TestNG.java:1049)
at org.testng.TestNG.run(TestNG.java:1017)
at org.testng.remote.AbstractRemoteTestNG.run(AbstractRemoteTestNG.java:114)
at org.testng.remote.RemoteTestNG.initAndRun(RemoteTestNG.java:251)
at org.testng.remote.RemoteTestNG.main(RemoteTestNG.java:77)
]]>
            </full-stacktrace>
          </exception> <!-- org.openqa.selenium.WebDriverException -->
          <reporter-output>
          </reporter-output>
        </test-method> <!-- launchUrl -->
        <test-method status="SKIP" signature="coverStoryForgotPassword()[pri:0, instance:com.qa.testcases.TestForgotPassword@679b62af]" name="coverStoryForgotPassword" duration-ms="0" started-at="2018-07-27T13:10:15Z" finished-at="2018-07-27T13:10:15Z">
          <exception class="org.openqa.selenium.WebDriverException">
            <message>
              <![CDATA[chrome not reachable
  (Session info: chrome=68.0.3440.75)
  (Driver info: chromedriver=2.40.565498 (ea082db3280dd6843ebfb08a625e3eb905c4f5ab),platform=Windows NT 6.1.7601 SP1 x86_64) (WARNING: The server did not provide any stacktrace information)
Command duration or timeout: 0 milliseconds
Build info: version: '3.13.0', revision: '2f0d292', time: '2018-06-25T15:24:21.231Z'
System info: host: 'EMB-BAN-168', ip: '10.99.90.140', os.name: 'Windows 7', os.arch: 'amd64', os.version: '6.1', java.version: '1.8.0_171'
Driver info: org.openqa.selenium.chrome.ChromeDriver
Capabilities {acceptInsecureCerts: false, acceptSslCerts: false, applicationCacheEnabled: false, browserConnectionEnabled: false, browserName: chrome, chrome: {chromedriverVersion: 2.40.565498 (ea082db3280dd6..., userDataDir: C:\Users\EMB-VI~1\AppData\L...}, cssSelectorsEnabled: true, databaseEnabled: false, handlesAlerts: true, hasTouchScreen: false, javascriptEnabled: true, locationContextEnabled: true, mobileEmulationEnabled: false, nativeEvents: true, networkConnectionEnabled: false, pageLoadStrategy: normal, platform: XP, platformName: XP, rotatable: false, setWindowRect: true, takesHeapSnapshot: true, takesScreenshot: true, unexpectedAlertBehaviour: , unhandledPromptBehavior: , version: 68.0.3440.75, webStorageEnabled: true}
Session ID: 39d27bc84ce6d9602d47c94bf193dd97]]>
            </message>
            <full-stacktrace>
              <![CDATA[org.openqa.selenium.WebDriverException: chrome not reachable
  (Session info: chrome=68.0.3440.75)
  (Driver info: chromedriver=2.40.565498 (ea082db3280dd6843ebfb08a625e3eb905c4f5ab),platform=Windows NT 6.1.7601 SP1 x86_64) (WARNING: The server did not provide any stacktrace information)
Command duration or timeout: 0 milliseconds
Build info: version: '3.13.0', revision: '2f0d292', time: '2018-06-25T15:24:21.231Z'
System info: host: 'EMB-BAN-168', ip: '10.99.90.140', os.name: 'Windows 7', os.arch: 'amd64', os.version: '6.1', java.version: '1.8.0_171'
Driver info: org.openqa.selenium.chrome.ChromeDriver
Capabilities {acceptInsecureCerts: false, acceptSslCerts: false, applicationCacheEnabled: false, browserConnectionEnabled: false, browserName: chrome, chrome: {chromedriverVersion: 2.40.565498 (ea082db3280dd6..., userDataDir: C:\Users\EMB-VI~1\AppData\L...}, cssSelectorsEnabled: true, databaseEnabled: false, handlesAlerts: true, hasTouchScreen: false, javascriptEnabled: true, locationContextEnabled: true, mobileEmulationEnabled: false, nativeEvents: true, networkConnectionEnabled: false, pageLoadStrategy: normal, platform: XP, platformName: XP, rotatable: false, setWindowRect: true, takesHeapSnapshot: true, takesScreenshot: true, unexpectedAlertBehaviour: , unhandledPromptBehavior: , version: 68.0.3440.75, webStorageEnabled: true}
Session ID: 39d27bc84ce6d9602d47c94bf193dd97
at sun.reflect.NativeConstructorAccessorImpl.newInstance0(Native Method)
at sun.reflect.NativeConstructorAccessorImpl.newInstance(Unknown Source)
at sun.reflect.DelegatingConstructorAccessorImpl.newInstance(Unknown Source)
at java.lang.reflect.Constructor.newInstance(Unknown Source)
at org.openqa.selenium.remote.ErrorHandler.createThrowable(ErrorHandler.java:214)
at org.openqa.selenium.remote.ErrorHandler.throwIfResponseFailed(ErrorHandler.java:166)
at org.openqa.selenium.remote.http.JsonHttpResponseCodec.reconstructValue(JsonHttpResponseCodec.java:40)
at org.openqa.selenium.remote.http.AbstractHttpResponseCodec.decode(AbstractHttpResponseCodec.java:80)
at org.openqa.selenium.remote.http.AbstractHttpResponseCodec.decode(AbstractHttpResponseCodec.java:44)
at org.openqa.selenium.remote.HttpCommandExecutor.execute(HttpCommandExecutor.java:158)
at org.openqa.selenium.remote.service.DriverCommandExecutor.execute(DriverCommandExecutor.java:83)
at org.openqa.selenium.remote.RemoteWebDriver.execute(RemoteWebDriver.java:548)
at org.openqa.selenium.remote.RemoteWebDriver.execute(RemoteWebDriver.java:605)
at org.openqa.selenium.remote.RemoteWebDriver.close(RemoteWebDriver.java:438)
at com.qa.globals.Globals.browserClose(Globals.java:233)
at com.qa.globals.Globals.setUp(Globals.java:700)
at com.qa.testcases.TestForgotPassword.launchUrl(TestForgotPassword.java:22)
at sun.reflect.NativeMethodAccessorImpl.invoke0(Native Method)
at sun.reflect.NativeMethodAccessorImpl.invoke(Unknown Source)
at sun.reflect.DelegatingMethodAccessorImpl.invoke(Unknown Source)
at java.lang.reflect.Method.invoke(Unknown Source)
at org.testng.internal.MethodInvocationHelper.invokeMethod(MethodInvocationHelper.java:124)
at org.testng.internal.MethodInvocationHelper.invokeMethodConsideringTimeout(MethodInvocationHelper.java:59)
at org.testng.internal.Invoker.invokeConfigurationMethod(Invoker.java:455)
at org.testng.internal.Invoker.invokeConfigurations(Invoker.java:222)
at org.testng.internal.Invoker.invokeConfigurations(Invoker.java:142)
at org.testng.TestRunner.beforeRun(TestRunner.java:529)
at org.testng.TestRunner.run(TestRunner.java:497)
at org.testng.SuiteRunner.runTest(SuiteRunner.java:455)
at org.testng.SuiteRunner.runSequentially(SuiteRunner.java:450)
at org.testng.SuiteRunner.privateRun(SuiteRunner.java:415)
at org.testng.SuiteRunner.run(SuiteRunner.java:364)
at org.testng.SuiteRunnerWorker.runSuite(SuiteRunnerWorker.java:52)
at org.testng.SuiteRunnerWorker.run(SuiteRunnerWorker.java:84)
at org.testng.TestNG.runSuitesSequentially(TestNG.java:1208)
at org.testng.TestNG.runSuitesLocally(TestNG.java:1137)
at org.testng.TestNG.runSuites(TestNG.java:1049)
at org.testng.TestNG.run(TestNG.java:1017)
at org.testng.remote.AbstractRemoteTestNG.run(AbstractRemoteTestNG.java:114)
at org.testng.remote.RemoteTestNG.initAndRun(RemoteTestNG.java:251)
at org.testng.remote.RemoteTestNG.main(RemoteTestNG.java:77)
]]>
            </full-stacktrace>
          </exception> <!-- org.openqa.selenium.WebDriverException -->
          <reporter-output>
          </reporter-output>
        </test-method> <!-- coverStoryForgotPassword -->
        <test-method status="SKIP" signature="coverStoryCheckoutForgotPassword()[pri:1, instance:com.qa.testcases.TestForgotPassword@679b62af]" name="coverStoryCheckoutForgotPassword" duration-ms="0" started-at="2018-07-27T13:10:15Z" finished-at="2018-07-27T13:10:15Z">
          <exception class="org.openqa.selenium.WebDriverException">
            <message>
              <![CDATA[chrome not reachable
  (Session info: chrome=68.0.3440.75)
  (Driver info: chromedriver=2.40.565498 (ea082db3280dd6843ebfb08a625e3eb905c4f5ab),platform=Windows NT 6.1.7601 SP1 x86_64) (WARNING: The server did not provide any stacktrace information)
Command duration or timeout: 0 milliseconds
Build info: version: '3.13.0', revision: '2f0d292', time: '2018-06-25T15:24:21.231Z'
System info: host: 'EMB-BAN-168', ip: '10.99.90.140', os.name: 'Windows 7', os.arch: 'amd64', os.version: '6.1', java.version: '1.8.0_171'
Driver info: org.openqa.selenium.chrome.ChromeDriver
Capabilities {acceptInsecureCerts: false, acceptSslCerts: false, applicationCacheEnabled: false, browserConnectionEnabled: false, browserName: chrome, chrome: {chromedriverVersion: 2.40.565498 (ea082db3280dd6..., userDataDir: C:\Users\EMB-VI~1\AppData\L...}, cssSelectorsEnabled: true, databaseEnabled: false, handlesAlerts: true, hasTouchScreen: false, javascriptEnabled: true, locationContextEnabled: true, mobileEmulationEnabled: false, nativeEvents: true, networkConnectionEnabled: false, pageLoadStrategy: normal, platform: XP, platformName: XP, rotatable: false, setWindowRect: true, takesHeapSnapshot: true, takesScreenshot: true, unexpectedAlertBehaviour: , unhandledPromptBehavior: , version: 68.0.3440.75, webStorageEnabled: true}
Session ID: 39d27bc84ce6d9602d47c94bf193dd97]]>
            </message>
            <full-stacktrace>
              <![CDATA[org.openqa.selenium.WebDriverException: chrome not reachable
  (Session info: chrome=68.0.3440.75)
  (Driver info: chromedriver=2.40.565498 (ea082db3280dd6843ebfb08a625e3eb905c4f5ab),platform=Windows NT 6.1.7601 SP1 x86_64) (WARNING: The server did not provide any stacktrace information)
Command duration or timeout: 0 milliseconds
Build info: version: '3.13.0', revision: '2f0d292', time: '2018-06-25T15:24:21.231Z'
System info: host: 'EMB-BAN-168', ip: '10.99.90.140', os.name: 'Windows 7', os.arch: 'amd64', os.version: '6.1', java.version: '1.8.0_171'
Driver info: org.openqa.selenium.chrome.ChromeDriver
Capabilities {acceptInsecureCerts: false, acceptSslCerts: false, applicationCacheEnabled: false, browserConnectionEnabled: false, browserName: chrome, chrome: {chromedriverVersion: 2.40.565498 (ea082db3280dd6..., userDataDir: C:\Users\EMB-VI~1\AppData\L...}, cssSelectorsEnabled: true, databaseEnabled: false, handlesAlerts: true, hasTouchScreen: false, javascriptEnabled: true, locationContextEnabled: true, mobileEmulationEnabled: false, nativeEvents: true, networkConnectionEnabled: false, pageLoadStrategy: normal, platform: XP, platformName: XP, rotatable: false, setWindowRect: true, takesHeapSnapshot: true, takesScreenshot: true, unexpectedAlertBehaviour: , unhandledPromptBehavior: , version: 68.0.3440.75, webStorageEnabled: true}
Session ID: 39d27bc84ce6d9602d47c94bf193dd97
at sun.reflect.NativeConstructorAccessorImpl.newInstance0(Native Method)
at sun.reflect.NativeConstructorAccessorImpl.newInstance(Unknown Source)
at sun.reflect.DelegatingConstructorAccessorImpl.newInstance(Unknown Source)
at java.lang.reflect.Constructor.newInstance(Unknown Source)
at org.openqa.selenium.remote.ErrorHandler.createThrowable(ErrorHandler.java:214)
at org.openqa.selenium.remote.ErrorHandler.throwIfResponseFailed(ErrorHandler.java:166)
at org.openqa.selenium.remote.http.JsonHttpResponseCodec.reconstructValue(JsonHttpResponseCodec.java:40)
at org.openqa.selenium.remote.http.AbstractHttpResponseCodec.decode(AbstractHttpResponseCodec.java:80)
at org.openqa.selenium.remote.http.AbstractHttpResponseCodec.decode(AbstractHttpResponseCodec.java:44)
at org.openqa.selenium.remote.HttpCommandExecutor.execute(HttpCommandExecutor.java:158)
at org.openqa.selenium.remote.service.DriverCommandExecutor.execute(DriverCommandExecutor.java:83)
at org.openqa.selenium.remote.RemoteWebDriver.execute(RemoteWebDriver.java:548)
at org.openqa.selenium.remote.RemoteWebDriver.execute(RemoteWebDriver.java:605)
at org.openqa.selenium.remote.RemoteWebDriver.close(RemoteWebDriver.java:438)
at com.qa.globals.Globals.browserClose(Globals.java:233)
at com.qa.globals.Globals.setUp(Globals.java:700)
at com.qa.testcases.TestForgotPassword.launchUrl(TestForgotPassword.java:22)
at sun.reflect.NativeMethodAccessorImpl.invoke0(Native Method)
at sun.reflect.NativeMethodAccessorImpl.invoke(Unknown Source)
at sun.reflect.DelegatingMethodAccessorImpl.invoke(Unknown Source)
at java.lang.reflect.Method.invoke(Unknown Source)
at org.testng.internal.MethodInvocationHelper.invokeMethod(MethodInvocationHelper.java:124)
at org.testng.internal.MethodInvocationHelper.invokeMethodConsideringTimeout(MethodInvocationHelper.java:59)
at org.testng.internal.Invoker.invokeConfigurationMethod(Invoker.java:455)
at org.testng.internal.Invoker.invokeConfigurations(Invoker.java:222)
at org.testng.internal.Invoker.invokeConfigurations(Invoker.java:142)
at org.testng.TestRunner.beforeRun(TestRunner.java:529)
at org.testng.TestRunner.run(TestRunner.java:497)
at org.testng.SuiteRunner.runTest(SuiteRunner.java:455)
at org.testng.SuiteRunner.runSequentially(SuiteRunner.java:450)
at org.testng.SuiteRunner.privateRun(SuiteRunner.java:415)
at org.testng.SuiteRunner.run(SuiteRunner.java:364)
at org.testng.SuiteRunnerWorker.runSuite(SuiteRunnerWorker.java:52)
at org.testng.SuiteRunnerWorker.run(SuiteRunnerWorker.java:84)
at org.testng.TestNG.runSuitesSequentially(TestNG.java:1208)
at org.testng.TestNG.runSuitesLocally(TestNG.java:1137)
at org.testng.TestNG.runSuites(TestNG.java:1049)
at org.testng.TestNG.run(TestNG.java:1017)
at org.testng.remote.AbstractRemoteTestNG.run(AbstractRemoteTestNG.java:114)
at org.testng.remote.RemoteTestNG.initAndRun(RemoteTestNG.java:251)
at org.testng.remote.RemoteTestNG.main(RemoteTestNG.java:77)
]]>
            </full-stacktrace>
          </exception> <!-- org.openqa.selenium.WebDriverException -->
          <reporter-output>
          </reporter-output>
        </test-method> <!-- coverStoryCheckoutForgotPassword -->
        <test-method status="SKIP" signature="closeBrowser()[pri:0, instance:com.qa.testcases.TestForgotPassword@679b62af]" name="closeBrowser" is-config="true" duration-ms="0" started-at="2018-07-27T13:10:15Z" finished-at="2018-07-27T13:10:15Z">
          <reporter-output>
          </reporter-output>
        </test-method> <!-- closeBrowser -->
      </class> <!-- com.qa.testcases.TestForgotPassword -->
    </test> <!-- Test8 -->
  </suite> <!-- Suite -->
</testng-results>
